20:53:09.545 [restartedMain] INFO  pl.piomin.services.boot.Application - Starting Application on jose-server with PID 15040 (/home/josefigueredo/Workspaces/java/spring-cloud/MasteringSpringCloud_Code/Chapter02/sample-spring-boot-web-mongo/target/classes started by josefigueredo in /home/josefigueredo/Workspaces/java/spring-cloud/MasteringSpringCloud_Code/Chapter02/sample-spring-boot-web-mongo)
20:53:09.546 [restartedMain] INFO  pl.piomin.services.boot.Application - No active profile set, falling back to default profiles: default
20:53:09.595 [restartedMain] INFO  o.s.b.c.e.AnnotationConfigEmbeddedWebApplicationContext - Refreshing org.springframework.boot.context.embedded.AnnotationConfigEmbeddedWebApplicationContext@5f72f717: startup date [Tue Oct 23 20:53:09 ART 2018]; root of context hierarchy
20:53:10.913 [restartedMain] INFO  o.s.b.c.e.t.TomcatEmbeddedServletContainer - Tomcat initialized with port(s): 2222 (http)
20:53:10.920 [restartedMain] INFO  o.a.catalina.core.StandardService - Starting service [Tomcat]
20:53:10.920 [restartedMain] INFO  o.a.catalina.core.StandardEngine - Starting Servlet Engine: Apache Tomcat/8.5.20
20:53:10.961 [localhost-startStop-1] INFO  o.a.c.c.C.[Tomcat].[localhost].[/] - Initializing Spring embedded WebApplicationContext
20:53:10.961 [localhost-startStop-1] INFO  o.s.web.context.ContextLoader - Root WebApplicationContext: initialization completed in 1368 ms
20:53:11.121 [localhost-startStop-1] INFO  o.s.b.w.s.ServletRegistrationBean - Mapping servlet: 'dispatcherServlet' to [/]
20:53:11.124 [localhost-startStop-1] INFO  o.s.b.w.s.FilterRegistrationBean - Mapping filter: 'metricsFilter' to: [/*]
20:53:11.124 [localhost-startStop-1] INFO  o.s.b.w.s.FilterRegistrationBean - Mapping filter: 'characterEncodingFilter' to: [/*]
20:53:11.124 [localhost-startStop-1] INFO  o.s.b.w.s.FilterRegistrationBean - Mapping filter: 'hiddenHttpMethodFilter' to: [/*]
20:53:11.124 [localhost-startStop-1] INFO  o.s.b.w.s.FilterRegistrationBean - Mapping filter: 'httpPutFormContentFilter' to: [/*]
20:53:11.124 [localhost-startStop-1] INFO  o.s.b.w.s.FilterRegistrationBean - Mapping filter: 'requestContextFilter' to: [/*]
20:53:11.124 [localhost-startStop-1] INFO  o.s.b.w.s.FilterRegistrationBean - Mapping filter: 'webRequestLoggingFilter' to: [/*]
20:53:11.124 [localhost-startStop-1] INFO  o.s.b.w.s.FilterRegistrationBean - Mapping filter: 'applicationContextIdFilter' to: [/*]
20:53:11.291 [Thread-12] INFO  o.s.b.a.mongo.embedded.EmbeddedMongo - note: noprealloc may hurt performance in many applications
20:53:11.295 [Thread-12] INFO  o.s.b.a.mongo.embedded.EmbeddedMongo - 2018-10-23T20:53:11.295-0300 I CONTROL  [initandlisten] MongoDB starting : pid=15095 port=38829 dbpath=/tmp/embedmongo-db-e21b38c8-0488-40a9-833b-b97c99baa14f 64-bit host=jose-server
20:53:11.295 [Thread-12] INFO  o.s.b.a.mongo.embedded.EmbeddedMongo - 2018-10-23T20:53:11.295-0300 I CONTROL  [initandlisten] db version v3.2.2
20:53:11.295 [Thread-12] INFO  o.s.b.a.mongo.embedded.EmbeddedMongo - 2018-10-23T20:53:11.295-0300 I CONTROL  [initandlisten] git version: 6e71d0d568e134c029203593b00a0103e7cdf30b
20:53:11.295 [Thread-12] INFO  o.s.b.a.mongo.embedded.EmbeddedMongo - 2018-10-23T20:53:11.295-0300 I CONTROL  [initandlisten] allocator: tcmalloc
20:53:11.295 [Thread-12] INFO  o.s.b.a.mongo.embedded.EmbeddedMongo - 2018-10-23T20:53:11.295-0300 I CONTROL  [initandlisten] modules: none
20:53:11.295 [Thread-12] INFO  o.s.b.a.mongo.embedded.EmbeddedMongo - 2018-10-23T20:53:11.295-0300 I CONTROL  [initandlisten] build environment:
20:53:11.295 [Thread-12] INFO  o.s.b.a.mongo.embedded.EmbeddedMongo - 2018-10-23T20:53:11.295-0300 I CONTROL  [initandlisten]     distarch: x86_64
20:53:11.295 [Thread-12] INFO  o.s.b.a.mongo.embedded.EmbeddedMongo - 2018-10-23T20:53:11.295-0300 I CONTROL  [initandlisten]     target_arch: x86_64
20:53:11.295 [Thread-12] INFO  o.s.b.a.mongo.embedded.EmbeddedMongo - 2018-10-23T20:53:11.295-0300 I CONTROL  [initandlisten] options: { net: { bindIp: "127.0.0.1", http: { enabled: false }, port: 38829 }, security: { authorization: "disabled" }, storage: { dbPath: "/tmp/embedmongo-db-e21b38c8-0488-40a9-833b-b97c99baa14f", journal: { enabled: false }, mmapv1: { preallocDataFiles: false, smallFiles: true }, syncPeriodSecs: 0.0 } }
20:53:11.298 [Thread-12] INFO  o.s.b.a.mongo.embedded.EmbeddedMongo - 2018-10-23T20:53:11.298-0300 I STORAGE  [initandlisten] wiredtiger_open config: create,cache_size=8G,session_max=20000,eviction=(threads_max=4),config_base=false,statistics=(fast),log=(enabled=true,archive=true,path=journal,compressor=snappy),file_manager=(close_idle_time=100000),checkpoint=(wait=0,log_size=2GB),statistics_log=(wait=0),,log=(enabled=false),
20:53:11.414 [Thread-12] INFO  o.s.b.a.mongo.embedded.EmbeddedMongo - 2018-10-23T20:53:11.414-0300 W STORAGE  [initandlisten] Detected configuration for non-active storage engine mmapv1 when current storage engine is wiredTiger
20:53:11.414 [Thread-12] INFO  o.s.b.a.mongo.embedded.EmbeddedMongo - 2018-10-23T20:53:11.414-0300 I CONTROL  [initandlisten] 
20:53:11.415 [Thread-12] INFO  o.s.b.a.mongo.embedded.EmbeddedMongo - 2018-10-23T20:53:11.414-0300 I CONTROL  [initandlisten] ** WARNING: soft rlimits too low. rlimits set to 62532 processes, 1048576 files. Number of processes should be at least 524288 : 0.5 times number of files.
20:53:11.415 [Thread-12] INFO  o.s.b.a.mongo.embedded.EmbeddedMongo - 2018-10-23T20:53:11.415-0300 I FTDC     [initandlisten] Initializing full-time diagnostic data capture with directory '/tmp/embedmongo-db-e21b38c8-0488-40a9-833b-b97c99baa14f/diagnostic.data'
20:53:11.415 [Thread-12] INFO  o.s.b.a.mongo.embedded.EmbeddedMongo - 2018-10-23T20:53:11.415-0300 I NETWORK  [HostnameCanonicalizationWorker] Starting hostname canonicalization worker
20:53:11.459 [Thread-12] INFO  o.s.b.a.mongo.embedded.EmbeddedMongo - 2018-10-23T20:53:11.459-0300 I NETWORK  [initandlisten] waiting for connections on port 38829
20:53:11.459 [restartedMain] INFO  d.f.embed.process.runtime.Executable - start de.flapdoodle.embed.mongo.config.MongodConfigBuilder$ImmutableMongodConfig@766edb51
20:53:11.576 [restartedMain] INFO  org.mongodb.driver.cluster - Cluster created with settings {hosts=[localhost:38829], mode=MULTIPLE, requiredClusterType=UNKNOWN, serverSelectionTimeout='30000 ms', maxWaitQueueSize=500}
20:53:11.577 [restartedMain] INFO  org.mongodb.driver.cluster - Adding discovered server localhost:38829 to client view of cluster
20:53:11.600 [Thread-12] INFO  o.s.b.a.mongo.embedded.EmbeddedMongo - 2018-10-23T20:53:11.600-0300 I NETWORK  [initandlisten] connection accepted from 127.0.0.1:34926 #1 (1 connection now open)
20:53:11.612 [cluster-ClusterId{value='5bcfb4677ac6d53ac0223e47', description='null'}-localhost:38829] INFO  org.mongodb.driver.connection - Opened connection [connectionId{localValue:1, serverValue:1}] to localhost:38829
20:53:11.613 [cluster-ClusterId{value='5bcfb4677ac6d53ac0223e47', description='null'}-localhost:38829] INFO  org.mongodb.driver.cluster - Monitor thread successfully connected to server with description ServerDescription{address=localhost:38829, type=STANDALONE, state=CONNECTED, ok=true, version=ServerVersion{versionList=[3, 2, 2]}, minWireVersion=0, maxWireVersion=4, maxDocumentSize=16777216, roundTripTimeNanos=413339}
20:53:11.613 [cluster-ClusterId{value='5bcfb4677ac6d53ac0223e47', description='null'}-localhost:38829] INFO  org.mongodb.driver.cluster - Discovered cluster type of STANDALONE
20:53:12.132 [restartedMain] INFO  o.s.w.s.m.m.a.RequestMappingHandlerMapping - Mapped "{[/person],methods=[GET]}" onto public java.util.List<pl.piomin.services.boot.model.Person> pl.piomin.services.boot.controller.PersonController.findAll()
20:53:12.134 [restartedMain] INFO  o.s.w.s.m.m.a.RequestMappingHandlerMapping - Mapped "{[/person/age/{age}],methods=[GET]}" onto public java.util.List<pl.piomin.services.boot.model.Person> pl.piomin.services.boot.controller.PersonController.findByAgeGreaterThan(int)
20:53:12.134 [restartedMain] INFO  o.s.w.s.m.m.a.RequestMappingHandlerMapping - Mapped "{[/person/lastname/{lastName}],methods=[GET]}" onto public java.util.List<pl.piomin.services.boot.model.Person> pl.piomin.services.boot.controller.PersonController.findByLastName(java.lang.String)
20:53:12.134 [restartedMain] INFO  o.s.w.s.m.m.a.RequestMappingHandlerMapping - Mapped "{[/person/{id}],methods=[GET]}" onto public pl.piomin.services.boot.model.Person pl.piomin.services.boot.controller.PersonController.findById(java.lang.String)
20:53:12.134 [restartedMain] INFO  o.s.w.s.m.m.a.RequestMappingHandlerMapping - Mapped "{[/person],methods=[POST]}" onto public pl.piomin.services.boot.model.Person pl.piomin.services.boot.controller.PersonController.add(pl.piomin.services.boot.model.Person)
20:53:12.134 [restartedMain] INFO  o.s.w.s.m.m.a.RequestMappingHandlerMapping - Mapped "{[/person],methods=[PUT]}" onto public void pl.piomin.services.boot.controller.PersonController.update(pl.piomin.services.boot.model.Person)
20:53:12.135 [restartedMain] INFO  o.s.w.s.m.m.a.RequestMappingHandlerMapping - Mapped "{[/person/{id}],methods=[DELETE]}" onto public void pl.piomin.services.boot.controller.PersonController.delete(java.lang.String)
20:53:12.137 [restartedMain] INFO  o.s.w.s.m.m.a.RequestMappingHandlerMapping - Mapped "{[/swagger-resources]}" onto public org.springframework.http.ResponseEntity<java.util.List<springfox.documentation.swagger.web.SwaggerResource>> springfox.documentation.swagger.web.ApiResourceController.swaggerResources()
20:53:12.138 [restartedMain] INFO  o.s.w.s.m.m.a.RequestMappingHandlerMapping - Mapped "{[/swagger-resources/configuration/ui]}" onto public org.springframework.http.ResponseEntity<springfox.documentation.swagger.web.UiConfiguration> springfox.documentation.swagger.web.ApiResourceController.uiConfiguration()
20:53:12.138 [restartedMain] INFO  o.s.w.s.m.m.a.RequestMappingHandlerMapping - Mapped "{[/swagger-resources/configuration/security]}" onto public org.springframework.http.ResponseEntity<springfox.documentation.swagger.web.SecurityConfiguration> springfox.documentation.swagger.web.ApiResourceController.securityConfiguration()
20:53:12.140 [restartedMain] INFO  o.s.w.s.m.m.a.RequestMappingHandlerMapping - Mapped "{[/error],produces=[text/html]}" onto public org.springframework.web.servlet.ModelAndView org.springframework.boot.autoconfigure.web.BasicErrorController.errorHtml(javax.servlet.http.HttpServletRequest,javax.servlet.http.HttpServletResponse)
20:53:12.141 [restartedMain] INFO  o.s.w.s.m.m.a.RequestMappingHandlerMapping - Mapped "{[/error]}" onto public org.springframework.http.ResponseEntity<java.util.Map<java.lang.String, java.lang.Object>> org.springframework.boot.autoconfigure.web.BasicErrorController.error(javax.servlet.http.HttpServletRequest)
20:53:12.296 [restartedMain] INFO  o.s.b.a.e.mvc.EndpointHandlerMapping - Mapped "{[/env/{name:.*}],methods=[GET],produces=[application/vnd.spring-boot.actuator.v1+json || application/json]}" onto public java.lang.Object org.springframework.boot.actuate.endpoint.mvc.EnvironmentMvcEndpoint.value(java.lang.String)
20:53:12.297 [restartedMain] INFO  o.s.b.a.e.mvc.EndpointHandlerMapping - Mapped "{[/env || /env.json],methods=[GET],produces=[application/vnd.spring-boot.actuator.v1+json || application/json]}" onto public java.lang.Object org.springframework.boot.actuate.endpoint.mvc.EndpointMvcAdapter.invoke()
20:53:12.297 [restartedMain] INFO  o.s.b.a.e.mvc.EndpointHandlerMapping - Mapped "{[/metrics/{name:.*}],methods=[GET],produces=[application/vnd.spring-boot.actuator.v1+json || application/json]}" onto public java.lang.Object org.springframework.boot.actuate.endpoint.mvc.MetricsMvcEndpoint.value(java.lang.String)
20:53:12.297 [restartedMain] INFO  o.s.b.a.e.mvc.EndpointHandlerMapping - Mapped "{[/metrics || /metrics.json],methods=[GET],produces=[application/vnd.spring-boot.actuator.v1+json || application/json]}" onto public java.lang.Object org.springframework.boot.actuate.endpoint.mvc.EndpointMvcAdapter.invoke()
20:53:12.298 [restartedMain] INFO  o.s.b.a.e.mvc.EndpointHandlerMapping - Mapped "{[/info || /info.json],methods=[GET],produces=[application/vnd.spring-boot.actuator.v1+json || application/json]}" onto public java.lang.Object org.springframework.boot.actuate.endpoint.mvc.EndpointMvcAdapter.invoke()
20:53:12.298 [restartedMain] INFO  o.s.b.a.e.mvc.EndpointHandlerMapping - Mapped "{[/beans || /beans.json],methods=[GET],produces=[application/vnd.spring-boot.actuator.v1+json || application/json]}" onto public java.lang.Object org.springframework.boot.actuate.endpoint.mvc.EndpointMvcAdapter.invoke()
20:53:12.299 [restartedMain] INFO  o.s.b.a.e.mvc.EndpointHandlerMapping - Mapped "{[/logfile || /logfile.json],methods=[GET || HEAD]}" onto public void org.springframework.boot.actuate.endpoint.mvc.LogFileMvcEndpoint.invoke(javax.servlet.http.HttpServletRequest,javax.servlet.http.HttpServletResponse) throws javax.servlet.ServletException,java.io.IOException
20:53:12.299 [restartedMain] INFO  o.s.b.a.e.mvc.EndpointHandlerMapping - Mapped "{[/dump || /dump.json],methods=[GET],produces=[application/vnd.spring-boot.actuator.v1+json || application/json]}" onto public java.lang.Object org.springframework.boot.actuate.endpoint.mvc.EndpointMvcAdapter.invoke()
20:53:12.299 [restartedMain] INFO  o.s.b.a.e.mvc.EndpointHandlerMapping - Mapped "{[/autoconfig || /autoconfig.json],methods=[GET],produces=[application/vnd.spring-boot.actuator.v1+json || application/json]}" onto public java.lang.Object org.springframework.boot.actuate.endpoint.mvc.EndpointMvcAdapter.invoke()
20:53:12.300 [restartedMain] INFO  o.s.b.a.e.mvc.EndpointHandlerMapping - Mapped "{[/mappings || /mappings.json],methods=[GET],produces=[application/vnd.spring-boot.actuator.v1+json || application/json]}" onto public java.lang.Object org.springframework.boot.actuate.endpoint.mvc.EndpointMvcAdapter.invoke()
20:53:12.300 [restartedMain] INFO  o.s.b.a.e.mvc.EndpointHandlerMapping - Mapped "{[/trace || /trace.json],methods=[GET],produces=[application/vnd.spring-boot.actuator.v1+json || application/json]}" onto public java.lang.Object org.springframework.boot.actuate.endpoint.mvc.EndpointMvcAdapter.invoke()
20:53:12.301 [restartedMain] INFO  o.s.b.a.e.mvc.EndpointHandlerMapping - Mapped "{[/heapdump || /heapdump.json],methods=[GET],produces=[application/octet-stream]}" onto public void org.springframework.boot.actuate.endpoint.mvc.HeapdumpMvcEndpoint.invoke(boolean,javax.servlet.http.HttpServletRequest,javax.servlet.http.HttpServletResponse) throws java.io.IOException,javax.servlet.ServletException
20:53:12.302 [restartedMain] INFO  o.s.b.a.e.mvc.EndpointHandlerMapping - Mapped "{[/loggers/{name:.*}],methods=[GET],produces=[application/vnd.spring-boot.actuator.v1+json || application/json]}" onto public java.lang.Object org.springframework.boot.actuate.endpoint.mvc.LoggersMvcEndpoint.get(java.lang.String)
20:53:12.303 [restartedMain] INFO  o.s.b.a.e.mvc.EndpointHandlerMapping - Mapped "{[/loggers/{name:.*}],methods=[POST],consumes=[application/vnd.spring-boot.actuator.v1+json || application/json],produces=[application/vnd.spring-boot.actuator.v1+json || application/json]}" onto public java.lang.Object org.springframework.boot.actuate.endpoint.mvc.LoggersMvcEndpoint.set(java.lang.String,java.util.Map<java.lang.String, java.lang.String>)
20:53:12.303 [restartedMain] INFO  o.s.b.a.e.mvc.EndpointHandlerMapping - Mapped "{[/loggers || /loggers.json],methods=[GET],produces=[application/vnd.spring-boot.actuator.v1+json || application/json]}" onto public java.lang.Object org.springframework.boot.actuate.endpoint.mvc.EndpointMvcAdapter.invoke()
20:53:12.303 [restartedMain] INFO  o.s.b.a.e.mvc.EndpointHandlerMapping - Mapped "{[/configprops || /configprops.json],methods=[GET],produces=[application/vnd.spring-boot.actuator.v1+json || application/json]}" onto public java.lang.Object org.springframework.boot.actuate.endpoint.mvc.EndpointMvcAdapter.invoke()
20:53:12.303 [restartedMain] INFO  o.s.b.a.e.mvc.EndpointHandlerMapping - Mapped "{[/health || /health.json],methods=[GET],produces=[application/vnd.spring-boot.actuator.v1+json || application/json]}" onto public java.lang.Object org.springframework.boot.actuate.endpoint.mvc.HealthMvcEndpoint.invoke(javax.servlet.http.HttpServletRequest,java.security.Principal)
20:53:12.304 [restartedMain] INFO  o.s.b.a.e.mvc.EndpointHandlerMapping - Mapped "{[/auditevents || /auditevents.json],methods=[GET],produces=[application/vnd.spring-boot.actuator.v1+json || application/json]}" onto public org.springframework.http.ResponseEntity<?> org.springframework.boot.actuate.endpoint.mvc.AuditEventsMvcEndpoint.findByPrincipalAndAfterAndType(java.lang.String,java.util.Date,java.lang.String)
20:53:12.404 [restartedMain] INFO  s.d.s.w.PropertySourcedRequestMappingHandlerMapping - Mapped URL path [/v2/api-docs] onto method [public org.springframework.http.ResponseEntity<springfox.documentation.spring.web.json.Json> springfox.documentation.swagger2.web.Swagger2Controller.getDocumentation(java.lang.String,javax.servlet.http.HttpServletRequest)]
20:53:12.583 [restartedMain] INFO  o.s.w.s.m.m.a.RequestMappingHandlerAdapter - Looking for @ControllerAdvice: org.springframework.boot.context.embedded.AnnotationConfigEmbeddedWebApplicationContext@5f72f717: startup date [Tue Oct 23 20:53:09 ART 2018]; root of context hierarchy
20:53:12.622 [restartedMain] INFO  o.s.w.s.h.SimpleUrlHandlerMapping - Mapped URL path [/webjars/**] onto handler of type [class org.springframework.web.servlet.resource.ResourceHttpRequestHandler]
20:53:12.622 [restartedMain] INFO  o.s.w.s.h.SimpleUrlHandlerMapping - Mapped URL path [/**] onto handler of type [class org.springframework.web.servlet.resource.ResourceHttpRequestHandler]
20:53:12.652 [restartedMain] INFO  o.s.w.s.h.SimpleUrlHandlerMapping - Mapped URL path [/**/favicon.ico] onto handler of type [class org.springframework.web.servlet.resource.ResourceHttpRequestHandler]
20:53:12.828 [restartedMain] INFO  o.s.b.d.a.OptionalLiveReloadServer - LiveReload server is running on port 35729
20:53:12.931 [restartedMain] INFO  o.s.j.e.a.AnnotationMBeanExporter - Registering beans for JMX exposure on startup
20:53:12.942 [restartedMain] INFO  o.s.c.s.DefaultLifecycleProcessor - Starting beans in phase 0
20:53:12.986 [restartedMain] INFO  o.s.c.s.DefaultLifecycleProcessor - Starting beans in phase 2147483647
20:53:12.986 [restartedMain] INFO  s.d.s.w.p.DocumentationPluginsBootstrapper - Context refreshed
20:53:12.996 [restartedMain] INFO  s.d.s.w.p.DocumentationPluginsBootstrapper - Found 1 custom documentation plugin(s)
20:53:13.043 [restartedMain] INFO  s.d.s.w.s.ApiListingReferenceScanner - Scanning for api listing references
20:53:13.191 [restartedMain] INFO  o.s.b.c.e.t.TomcatEmbeddedServletContainer - Tomcat started on port(s): 2222 (http)
20:53:13.196 [restartedMain] INFO  pl.piomin.services.boot.Application - Started Application in 4.053 seconds (JVM running for 5.157)
20:53:13.393 [Thread-12] INFO  o.s.b.a.mongo.embedded.EmbeddedMongo - 2018-10-23T20:53:13.393-0300 I NETWORK  [initandlisten] connection accepted from 127.0.0.1:34936 #2 (2 connections now open)
20:53:13.395 [RMI TCP Connection(7)-127.0.0.1] INFO  org.mongodb.driver.connection - Opened connection [connectionId{localValue:2, serverValue:2}] to localhost:38829
20:53:54.014 [Thread-12] INFO  o.s.b.a.mongo.embedded.EmbeddedMongo - 2018-10-23T20:53:54.013-0300 I CONTROL  [signalProcessingThread] got signal 2 (Interrupt), will terminate after current cmd ends
20:53:54.014 [Thread-12] INFO  o.s.b.a.mongo.embedded.EmbeddedMongo - 2018-10-23T20:53:54.013-0300 I FTDC     [signalProcessingThread] Shutting down full-time diagnostic data capture
20:53:54.015 [Thread-12] INFO  o.s.b.a.mongo.embedded.EmbeddedMongo - 2018-10-23T20:53:54.014-0300 I CONTROL  [signalProcessingThread] now exiting
20:53:54.015 [Thread-12] INFO  o.s.b.a.mongo.embedded.EmbeddedMongo - 2018-10-23T20:53:54.014-0300 I NETWORK  [signalProcessingThread] shutdown: going to close listening sockets...
20:53:54.015 [Thread-12] INFO  o.s.b.a.mongo.embedded.EmbeddedMongo - 2018-10-23T20:53:54.014-0300 I NETWORK  [signalProcessingThread] closing listening socket: 5
20:53:54.015 [Thread-12] INFO  o.s.b.a.mongo.embedded.EmbeddedMongo - 2018-10-23T20:53:54.014-0300 I NETWORK  [signalProcessingThread] closing listening socket: 6
20:53:54.015 [Thread-12] INFO  o.s.b.a.mongo.embedded.EmbeddedMongo - 2018-10-23T20:53:54.014-0300 I NETWORK  [signalProcessingThread] removing socket file: /tmp/mongodb-38829.sock
20:53:54.015 [Thread-12] INFO  o.s.b.a.mongo.embedded.EmbeddedMongo - 2018-10-23T20:53:54.015-0300 I NETWORK  [signalProcessingThread] shutdown: going to flush diaglog...
20:53:54.015 [Thread-12] INFO  o.s.b.a.mongo.embedded.EmbeddedMongo - 2018-10-23T20:53:54.015-0300 I NETWORK  [signalProcessingThread] shutdown: going to close sockets...
20:53:54.015 [Thread-12] INFO  o.s.b.a.mongo.embedded.EmbeddedMongo - 2018-10-23T20:53:54.015-0300 I STORAGE  [signalProcessingThread] WiredTigerKVEngine shutting down
20:53:54.015 [Thread-12] INFO  o.s.b.a.mongo.embedded.EmbeddedMongo - 2018-10-23T20:53:54.015-0300 I NETWORK  [conn1] end connection 127.0.0.1:34926 (1 connection now open)
20:53:54.015 [Thread-12] INFO  o.s.b.a.mongo.embedded.EmbeddedMongo - 2018-10-23T20:53:54.015-0300 I NETWORK  [conn2] end connection 127.0.0.1:34936 (1 connection now open)
20:53:54.016 [Thread-21] INFO  o.s.b.c.e.AnnotationConfigEmbeddedWebApplicationContext - Closing org.springframework.boot.context.embedded.AnnotationConfigEmbeddedWebApplicationContext@5f72f717: startup date [Tue Oct 23 20:53:09 ART 2018]; root of context hierarchy
20:53:54.018 [Thread-21] INFO  o.s.c.s.DefaultLifecycleProcessor - Stopping beans in phase 2147483647
20:53:54.019 [Thread-21] INFO  o.s.c.s.DefaultLifecycleProcessor - Stopping beans in phase 0
20:53:54.020 [Thread-21] INFO  o.s.j.e.a.AnnotationMBeanExporter - Unregistering JMX-exposed beans on shutdown
20:53:54.022 [Thread-21] INFO  org.mongodb.driver.connection - Closed connection [connectionId{localValue:2, serverValue:2}] to localhost:38829 because the pool has been closed.
20:53:54.060 [Thread-12] INFO  o.s.b.a.mongo.embedded.EmbeddedMongo - 2018-10-23T20:53:54.060-0300 I STORAGE  [signalProcessingThread] shutdown: removing fs lock...
20:53:54.061 [Thread-12] INFO  o.s.b.a.mongo.embedded.EmbeddedMongo - 2018-10-23T20:53:54.061-0300 I CONTROL  [signalProcessingThread] dbexit:  rc: 0
20:53:59.104 [restartedMain] INFO  pl.piomin.services.boot.Application - Starting Application on jose-server with PID 15253 (/home/josefigueredo/Workspaces/java/spring-cloud/MasteringSpringCloud_Code/Chapter02/sample-spring-boot-web-mongo/target/classes started by josefigueredo in /home/josefigueredo/Workspaces/java/spring-cloud/MasteringSpringCloud_Code/Chapter02/sample-spring-boot-web-mongo)
20:53:59.104 [restartedMain] INFO  pl.piomin.services.boot.Application - No active profile set, falling back to default profiles: default
20:53:59.135 [restartedMain] INFO  o.s.b.c.e.AnnotationConfigEmbeddedWebApplicationContext - Refreshing org.springframework.boot.context.embedded.AnnotationConfigEmbeddedWebApplicationContext@47fca124: startup date [Tue Oct 23 20:53:59 ART 2018]; root of context hierarchy
20:54:00.783 [restartedMain] INFO  o.s.b.c.e.t.TomcatEmbeddedServletContainer - Tomcat initialized with port(s): 2222 (http)
20:54:00.790 [restartedMain] INFO  o.a.catalina.core.StandardService - Starting service [Tomcat]
20:54:00.790 [restartedMain] INFO  o.a.catalina.core.StandardEngine - Starting Servlet Engine: Apache Tomcat/8.5.20
20:54:00.832 [localhost-startStop-1] INFO  o.a.c.c.C.[Tomcat].[localhost].[/] - Initializing Spring embedded WebApplicationContext
20:54:00.832 [localhost-startStop-1] INFO  o.s.web.context.ContextLoader - Root WebApplicationContext: initialization completed in 1699 ms
20:54:00.987 [localhost-startStop-1] INFO  o.s.b.w.s.ServletRegistrationBean - Mapping servlet: 'dispatcherServlet' to [/]
20:54:00.990 [localhost-startStop-1] INFO  o.s.b.w.s.FilterRegistrationBean - Mapping filter: 'metricsFilter' to: [/*]
20:54:00.990 [localhost-startStop-1] INFO  o.s.b.w.s.FilterRegistrationBean - Mapping filter: 'characterEncodingFilter' to: [/*]
20:54:00.990 [localhost-startStop-1] INFO  o.s.b.w.s.FilterRegistrationBean - Mapping filter: 'hiddenHttpMethodFilter' to: [/*]
20:54:00.990 [localhost-startStop-1] INFO  o.s.b.w.s.FilterRegistrationBean - Mapping filter: 'httpPutFormContentFilter' to: [/*]
20:54:00.990 [localhost-startStop-1] INFO  o.s.b.w.s.FilterRegistrationBean - Mapping filter: 'requestContextFilter' to: [/*]
20:54:00.990 [localhost-startStop-1] INFO  o.s.b.w.s.FilterRegistrationBean - Mapping filter: 'webRequestLoggingFilter' to: [/*]
20:54:00.990 [localhost-startStop-1] INFO  o.s.b.w.s.FilterRegistrationBean - Mapping filter: 'applicationContextIdFilter' to: [/*]
20:54:01.151 [Thread-12] INFO  o.s.b.a.mongo.embedded.EmbeddedMongo - note: noprealloc may hurt performance in many applications
20:54:01.154 [Thread-12] INFO  o.s.b.a.mongo.embedded.EmbeddedMongo - 2018-10-23T20:54:01.154-0300 I CONTROL  [initandlisten] MongoDB starting : pid=15319 port=45523 dbpath=/tmp/embedmongo-db-2f25b1f9-655e-4907-8d60-44f8a83b5092 64-bit host=jose-server
20:54:01.155 [Thread-12] INFO  o.s.b.a.mongo.embedded.EmbeddedMongo - 2018-10-23T20:54:01.154-0300 I CONTROL  [initandlisten] db version v3.2.2
20:54:01.155 [Thread-12] INFO  o.s.b.a.mongo.embedded.EmbeddedMongo - 2018-10-23T20:54:01.154-0300 I CONTROL  [initandlisten] git version: 6e71d0d568e134c029203593b00a0103e7cdf30b
20:54:01.155 [Thread-12] INFO  o.s.b.a.mongo.embedded.EmbeddedMongo - 2018-10-23T20:54:01.154-0300 I CONTROL  [initandlisten] allocator: tcmalloc
20:54:01.155 [Thread-12] INFO  o.s.b.a.mongo.embedded.EmbeddedMongo - 2018-10-23T20:54:01.154-0300 I CONTROL  [initandlisten] modules: none
20:54:01.155 [Thread-12] INFO  o.s.b.a.mongo.embedded.EmbeddedMongo - 2018-10-23T20:54:01.154-0300 I CONTROL  [initandlisten] build environment:
20:54:01.155 [Thread-12] INFO  o.s.b.a.mongo.embedded.EmbeddedMongo - 2018-10-23T20:54:01.154-0300 I CONTROL  [initandlisten]     distarch: x86_64
20:54:01.155 [Thread-12] INFO  o.s.b.a.mongo.embedded.EmbeddedMongo - 2018-10-23T20:54:01.154-0300 I CONTROL  [initandlisten]     target_arch: x86_64
20:54:01.156 [Thread-12] INFO  o.s.b.a.mongo.embedded.EmbeddedMongo - 2018-10-23T20:54:01.154-0300 I CONTROL  [initandlisten] options: { net: { bindIp: "127.0.0.1", http: { enabled: false }, port: 45523 }, security: { authorization: "disabled" }, storage: { dbPath: "/tmp/embedmongo-db-2f25b1f9-655e-4907-8d60-44f8a83b5092", journal: { enabled: false }, mmapv1: { preallocDataFiles: false, smallFiles: true }, syncPeriodSecs: 0.0 } }
20:54:01.158 [Thread-12] INFO  o.s.b.a.mongo.embedded.EmbeddedMongo - 2018-10-23T20:54:01.158-0300 I STORAGE  [initandlisten] wiredtiger_open config: create,cache_size=8G,session_max=20000,eviction=(threads_max=4),config_base=false,statistics=(fast),log=(enabled=true,archive=true,path=journal,compressor=snappy),file_manager=(close_idle_time=100000),checkpoint=(wait=0,log_size=2GB),statistics_log=(wait=0),,log=(enabled=false),
20:54:01.289 [Thread-12] INFO  o.s.b.a.mongo.embedded.EmbeddedMongo - 2018-10-23T20:54:01.289-0300 W STORAGE  [initandlisten] Detected configuration for non-active storage engine mmapv1 when current storage engine is wiredTiger
20:54:01.290 [Thread-12] INFO  o.s.b.a.mongo.embedded.EmbeddedMongo - 2018-10-23T20:54:01.289-0300 I CONTROL  [initandlisten] 
20:54:01.290 [Thread-12] INFO  o.s.b.a.mongo.embedded.EmbeddedMongo - 2018-10-23T20:54:01.289-0300 I CONTROL  [initandlisten] ** WARNING: soft rlimits too low. rlimits set to 62532 processes, 1048576 files. Number of processes should be at least 524288 : 0.5 times number of files.
20:54:01.290 [Thread-12] INFO  o.s.b.a.mongo.embedded.EmbeddedMongo - 2018-10-23T20:54:01.290-0300 I FTDC     [initandlisten] Initializing full-time diagnostic data capture with directory '/tmp/embedmongo-db-2f25b1f9-655e-4907-8d60-44f8a83b5092/diagnostic.data'
20:54:01.290 [Thread-12] INFO  o.s.b.a.mongo.embedded.EmbeddedMongo - 2018-10-23T20:54:01.290-0300 I NETWORK  [HostnameCanonicalizationWorker] Starting hostname canonicalization worker
20:54:01.335 [Thread-12] INFO  o.s.b.a.mongo.embedded.EmbeddedMongo - 2018-10-23T20:54:01.335-0300 I NETWORK  [initandlisten] waiting for connections on port 45523
20:54:01.335 [restartedMain] INFO  d.f.embed.process.runtime.Executable - start de.flapdoodle.embed.mongo.config.MongodConfigBuilder$ImmutableMongodConfig@6427ff6a
20:54:01.452 [restartedMain] INFO  org.mongodb.driver.cluster - Cluster created with settings {hosts=[localhost:45523], mode=MULTIPLE, requiredClusterType=UNKNOWN, serverSelectionTimeout='30000 ms', maxWaitQueueSize=500}
20:54:01.452 [restartedMain] INFO  org.mongodb.driver.cluster - Adding discovered server localhost:45523 to client view of cluster
20:54:01.476 [Thread-12] INFO  o.s.b.a.mongo.embedded.EmbeddedMongo - 2018-10-23T20:54:01.476-0300 I NETWORK  [initandlisten] connection accepted from 127.0.0.1:33026 #1 (1 connection now open)
20:54:01.488 [cluster-ClusterId{value='5bcfb4997ac6d53b95f8d3e0', description='null'}-localhost:45523] INFO  org.mongodb.driver.connection - Opened connection [connectionId{localValue:1, serverValue:1}] to localhost:45523
20:54:01.489 [cluster-ClusterId{value='5bcfb4997ac6d53b95f8d3e0', description='null'}-localhost:45523] INFO  org.mongodb.driver.cluster - Monitor thread successfully connected to server with description ServerDescription{address=localhost:45523, type=STANDALONE, state=CONNECTED, ok=true, version=ServerVersion{versionList=[3, 2, 2]}, minWireVersion=0, maxWireVersion=4, maxDocumentSize=16777216, roundTripTimeNanos=312770}
20:54:01.490 [cluster-ClusterId{value='5bcfb4997ac6d53b95f8d3e0', description='null'}-localhost:45523] INFO  org.mongodb.driver.cluster - Discovered cluster type of STANDALONE
20:54:02.024 [restartedMain] INFO  o.s.w.s.m.m.a.RequestMappingHandlerMapping - Mapped "{[/person/{id}],methods=[GET]}" onto public pl.piomin.services.boot.model.Person pl.piomin.services.boot.controller.PersonController.findById(java.lang.String)
20:54:02.025 [restartedMain] INFO  o.s.w.s.m.m.a.RequestMappingHandlerMapping - Mapped "{[/person],methods=[GET]}" onto public java.util.List<pl.piomin.services.boot.model.Person> pl.piomin.services.boot.controller.PersonController.findAll()
20:54:02.025 [restartedMain] INFO  o.s.w.s.m.m.a.RequestMappingHandlerMapping - Mapped "{[/person/age/{age}],methods=[GET]}" onto public java.util.List<pl.piomin.services.boot.model.Person> pl.piomin.services.boot.controller.PersonController.findByAgeGreaterThan(int)
20:54:02.025 [restartedMain] INFO  o.s.w.s.m.m.a.RequestMappingHandlerMapping - Mapped "{[/person/lastname/{lastName}],methods=[GET]}" onto public java.util.List<pl.piomin.services.boot.model.Person> pl.piomin.services.boot.controller.PersonController.findByLastName(java.lang.String)
20:54:02.026 [restartedMain] INFO  o.s.w.s.m.m.a.RequestMappingHandlerMapping - Mapped "{[/person],methods=[POST]}" onto public pl.piomin.services.boot.model.Person pl.piomin.services.boot.controller.PersonController.add(pl.piomin.services.boot.model.Person)
20:54:02.026 [restartedMain] INFO  o.s.w.s.m.m.a.RequestMappingHandlerMapping - Mapped "{[/person],methods=[PUT]}" onto public void pl.piomin.services.boot.controller.PersonController.update(pl.piomin.services.boot.model.Person)
20:54:02.026 [restartedMain] INFO  o.s.w.s.m.m.a.RequestMappingHandlerMapping - Mapped "{[/person/{id}],methods=[DELETE]}" onto public void pl.piomin.services.boot.controller.PersonController.delete(java.lang.String)
20:54:02.028 [restartedMain] INFO  o.s.w.s.m.m.a.RequestMappingHandlerMapping - Mapped "{[/swagger-resources]}" onto public org.springframework.http.ResponseEntity<java.util.List<springfox.documentation.swagger.web.SwaggerResource>> springfox.documentation.swagger.web.ApiResourceController.swaggerResources()
20:54:02.029 [restartedMain] INFO  o.s.w.s.m.m.a.RequestMappingHandlerMapping - Mapped "{[/swagger-resources/configuration/ui]}" onto public org.springframework.http.ResponseEntity<springfox.documentation.swagger.web.UiConfiguration> springfox.documentation.swagger.web.ApiResourceController.uiConfiguration()
20:54:02.029 [restartedMain] INFO  o.s.w.s.m.m.a.RequestMappingHandlerMapping - Mapped "{[/swagger-resources/configuration/security]}" onto public org.springframework.http.ResponseEntity<springfox.documentation.swagger.web.SecurityConfiguration> springfox.documentation.swagger.web.ApiResourceController.securityConfiguration()
20:54:02.031 [restartedMain] INFO  o.s.w.s.m.m.a.RequestMappingHandlerMapping - Mapped "{[/error],produces=[text/html]}" onto public org.springframework.web.servlet.ModelAndView org.springframework.boot.autoconfigure.web.BasicErrorController.errorHtml(javax.servlet.http.HttpServletRequest,javax.servlet.http.HttpServletResponse)
20:54:02.032 [restartedMain] INFO  o.s.w.s.m.m.a.RequestMappingHandlerMapping - Mapped "{[/error]}" onto public org.springframework.http.ResponseEntity<java.util.Map<java.lang.String, java.lang.Object>> org.springframework.boot.autoconfigure.web.BasicErrorController.error(javax.servlet.http.HttpServletRequest)
20:54:02.172 [restartedMain] INFO  o.s.b.a.e.mvc.EndpointHandlerMapping - Mapped "{[/info || /info.json],methods=[GET],produces=[application/vnd.spring-boot.actuator.v1+json || application/json]}" onto public java.lang.Object org.springframework.boot.actuate.endpoint.mvc.EndpointMvcAdapter.invoke()
20:54:02.173 [restartedMain] INFO  o.s.b.a.e.mvc.EndpointHandlerMapping - Mapped "{[/health || /health.json],methods=[GET],produces=[application/vnd.spring-boot.actuator.v1+json || application/json]}" onto public java.lang.Object org.springframework.boot.actuate.endpoint.mvc.HealthMvcEndpoint.invoke(javax.servlet.http.HttpServletRequest,java.security.Principal)
20:54:02.173 [restartedMain] INFO  o.s.b.a.e.mvc.EndpointHandlerMapping - Mapped "{[/logfile || /logfile.json],methods=[GET || HEAD]}" onto public void org.springframework.boot.actuate.endpoint.mvc.LogFileMvcEndpoint.invoke(javax.servlet.http.HttpServletRequest,javax.servlet.http.HttpServletResponse) throws javax.servlet.ServletException,java.io.IOException
20:54:02.174 [restartedMain] INFO  o.s.b.a.e.mvc.EndpointHandlerMapping - Mapped "{[/configprops || /configprops.json],methods=[GET],produces=[application/vnd.spring-boot.actuator.v1+json || application/json]}" onto public java.lang.Object org.springframework.boot.actuate.endpoint.mvc.EndpointMvcAdapter.invoke()
20:54:02.175 [restartedMain] INFO  o.s.b.a.e.mvc.EndpointHandlerMapping - Mapped "{[/loggers/{name:.*}],methods=[GET],produces=[application/vnd.spring-boot.actuator.v1+json || application/json]}" onto public java.lang.Object org.springframework.boot.actuate.endpoint.mvc.LoggersMvcEndpoint.get(java.lang.String)
20:54:02.175 [restartedMain] INFO  o.s.b.a.e.mvc.EndpointHandlerMapping - Mapped "{[/loggers/{name:.*}],methods=[POST],consumes=[application/vnd.spring-boot.actuator.v1+json || application/json],produces=[application/vnd.spring-boot.actuator.v1+json || application/json]}" onto public java.lang.Object org.springframework.boot.actuate.endpoint.mvc.LoggersMvcEndpoint.set(java.lang.String,java.util.Map<java.lang.String, java.lang.String>)
20:54:02.175 [restartedMain] INFO  o.s.b.a.e.mvc.EndpointHandlerMapping - Mapped "{[/loggers || /loggers.json],methods=[GET],produces=[application/vnd.spring-boot.actuator.v1+json || application/json]}" onto public java.lang.Object org.springframework.boot.actuate.endpoint.mvc.EndpointMvcAdapter.invoke()
20:54:02.176 [restartedMain] INFO  o.s.b.a.e.mvc.EndpointHandlerMapping - Mapped "{[/auditevents || /auditevents.json],methods=[GET],produces=[application/vnd.spring-boot.actuator.v1+json || application/json]}" onto public org.springframework.http.ResponseEntity<?> org.springframework.boot.actuate.endpoint.mvc.AuditEventsMvcEndpoint.findByPrincipalAndAfterAndType(java.lang.String,java.util.Date,java.lang.String)
20:54:02.176 [restartedMain] INFO  o.s.b.a.e.mvc.EndpointHandlerMapping - Mapped "{[/beans || /beans.json],methods=[GET],produces=[application/vnd.spring-boot.actuator.v1+json || application/json]}" onto public java.lang.Object org.springframework.boot.actuate.endpoint.mvc.EndpointMvcAdapter.invoke()
20:54:02.177 [restartedMain] INFO  o.s.b.a.e.mvc.EndpointHandlerMapping - Mapped "{[/trace || /trace.json],methods=[GET],produces=[application/vnd.spring-boot.actuator.v1+json || application/json]}" onto public java.lang.Object org.springframework.boot.actuate.endpoint.mvc.EndpointMvcAdapter.invoke()
20:54:02.177 [restartedMain] INFO  o.s.b.a.e.mvc.EndpointHandlerMapping - Mapped "{[/autoconfig || /autoconfig.json],methods=[GET],produces=[application/vnd.spring-boot.actuator.v1+json || application/json]}" onto public java.lang.Object org.springframework.boot.actuate.endpoint.mvc.EndpointMvcAdapter.invoke()
20:54:02.177 [restartedMain] INFO  o.s.b.a.e.mvc.EndpointHandlerMapping - Mapped "{[/mappings || /mappings.json],methods=[GET],produces=[application/vnd.spring-boot.actuator.v1+json || application/json]}" onto public java.lang.Object org.springframework.boot.actuate.endpoint.mvc.EndpointMvcAdapter.invoke()
20:54:02.178 [restartedMain] INFO  o.s.b.a.e.mvc.EndpointHandlerMapping - Mapped "{[/dump || /dump.json],methods=[GET],produces=[application/vnd.spring-boot.actuator.v1+json || application/json]}" onto public java.lang.Object org.springframework.boot.actuate.endpoint.mvc.EndpointMvcAdapter.invoke()
20:54:02.178 [restartedMain] INFO  o.s.b.a.e.mvc.EndpointHandlerMapping - Mapped "{[/env/{name:.*}],methods=[GET],produces=[application/vnd.spring-boot.actuator.v1+json || application/json]}" onto public java.lang.Object org.springframework.boot.actuate.endpoint.mvc.EnvironmentMvcEndpoint.value(java.lang.String)
20:54:02.179 [restartedMain] INFO  o.s.b.a.e.mvc.EndpointHandlerMapping - Mapped "{[/env || /env.json],methods=[GET],produces=[application/vnd.spring-boot.actuator.v1+json || application/json]}" onto public java.lang.Object org.springframework.boot.actuate.endpoint.mvc.EndpointMvcAdapter.invoke()
20:54:02.179 [restartedMain] INFO  o.s.b.a.e.mvc.EndpointHandlerMapping - Mapped "{[/metrics/{name:.*}],methods=[GET],produces=[application/vnd.spring-boot.actuator.v1+json || application/json]}" onto public java.lang.Object org.springframework.boot.actuate.endpoint.mvc.MetricsMvcEndpoint.value(java.lang.String)
20:54:02.179 [restartedMain] INFO  o.s.b.a.e.mvc.EndpointHandlerMapping - Mapped "{[/metrics || /metrics.json],methods=[GET],produces=[application/vnd.spring-boot.actuator.v1+json || application/json]}" onto public java.lang.Object org.springframework.boot.actuate.endpoint.mvc.EndpointMvcAdapter.invoke()
20:54:02.180 [restartedMain] INFO  o.s.b.a.e.mvc.EndpointHandlerMapping - Mapped "{[/heapdump || /heapdump.json],methods=[GET],produces=[application/octet-stream]}" onto public void org.springframework.boot.actuate.endpoint.mvc.HeapdumpMvcEndpoint.invoke(boolean,javax.servlet.http.HttpServletRequest,javax.servlet.http.HttpServletResponse) throws java.io.IOException,javax.servlet.ServletException
20:54:02.284 [restartedMain] INFO  s.d.s.w.PropertySourcedRequestMappingHandlerMapping - Mapped URL path [/v2/api-docs] onto method [public org.springframework.http.ResponseEntity<springfox.documentation.spring.web.json.Json> springfox.documentation.swagger2.web.Swagger2Controller.getDocumentation(java.lang.String,javax.servlet.http.HttpServletRequest)]
20:54:02.460 [restartedMain] INFO  o.s.w.s.m.m.a.RequestMappingHandlerAdapter - Looking for @ControllerAdvice: org.springframework.boot.context.embedded.AnnotationConfigEmbeddedWebApplicationContext@47fca124: startup date [Tue Oct 23 20:53:59 ART 2018]; root of context hierarchy
20:54:02.498 [restartedMain] INFO  o.s.w.s.h.SimpleUrlHandlerMapping - Mapped URL path [/webjars/**] onto handler of type [class org.springframework.web.servlet.resource.ResourceHttpRequestHandler]
20:54:02.498 [restartedMain] INFO  o.s.w.s.h.SimpleUrlHandlerMapping - Mapped URL path [/**] onto handler of type [class org.springframework.web.servlet.resource.ResourceHttpRequestHandler]
20:54:02.527 [restartedMain] INFO  o.s.w.s.h.SimpleUrlHandlerMapping - Mapped URL path [/**/favicon.ico] onto handler of type [class org.springframework.web.servlet.resource.ResourceHttpRequestHandler]
20:54:02.702 [restartedMain] INFO  o.s.b.d.a.OptionalLiveReloadServer - LiveReload server is running on port 35729
20:54:02.798 [restartedMain] INFO  o.s.j.e.a.AnnotationMBeanExporter - Registering beans for JMX exposure on startup
20:54:02.809 [restartedMain] INFO  o.s.c.s.DefaultLifecycleProcessor - Starting beans in phase 0
20:54:02.854 [restartedMain] INFO  o.s.c.s.DefaultLifecycleProcessor - Starting beans in phase 2147483647
20:54:02.854 [restartedMain] INFO  s.d.s.w.p.DocumentationPluginsBootstrapper - Context refreshed
20:54:02.865 [restartedMain] INFO  s.d.s.w.p.DocumentationPluginsBootstrapper - Found 1 custom documentation plugin(s)
20:54:02.910 [restartedMain] INFO  s.d.s.w.s.ApiListingReferenceScanner - Scanning for api listing references
20:54:03.044 [restartedMain] INFO  o.s.b.c.e.t.TomcatEmbeddedServletContainer - Tomcat started on port(s): 2222 (http)
20:54:03.048 [restartedMain] INFO  pl.piomin.services.boot.Application - Started Application in 4.257 seconds (JVM running for 4.802)
20:54:03.694 [Thread-12] INFO  o.s.b.a.mongo.embedded.EmbeddedMongo - 2018-10-23T20:54:03.694-0300 I NETWORK  [initandlisten] connection accepted from 127.0.0.1:33038 #2 (2 connections now open)
20:54:03.698 [RMI TCP Connection(9)-127.0.0.1] INFO  org.mongodb.driver.connection - Opened connection [connectionId{localValue:2, serverValue:2}] to localhost:45523
20:54:29.737 [Thread-12] INFO  o.s.b.a.mongo.embedded.EmbeddedMongo - 2018-10-23T20:54:29.737-0300 I NETWORK  [initandlisten] connection accepted from 127.0.0.1:33044 #3 (3 connections now open)
20:54:29.739 [Thread-12] INFO  o.s.b.a.mongo.embedded.EmbeddedMongo - 2018-10-23T20:54:29.739-0300 I NETWORK  [initandlisten] connection accepted from 127.0.0.1:33046 #4 (4 connections now open)
20:54:29.741 [Thread-12] INFO  o.s.b.a.mongo.embedded.EmbeddedMongo - 2018-10-23T20:54:29.741-0300 I NETWORK  [conn3] end connection 127.0.0.1:33044 (3 connections now open)
20:54:29.742 [Thread-12] INFO  o.s.b.a.mongo.embedded.EmbeddedMongo - 2018-10-23T20:54:29.742-0300 I NETWORK  [conn4] end connection 127.0.0.1:33046 (3 connections now open)
20:54:35.109 [Thread-12] INFO  o.s.b.a.mongo.embedded.EmbeddedMongo - 2018-10-23T20:54:35.109-0300 I NETWORK  [initandlisten] connection accepted from 127.0.0.1:33050 #5 (3 connections now open)
20:54:35.113 [Thread-12] INFO  o.s.b.a.mongo.embedded.EmbeddedMongo - 2018-10-23T20:54:35.113-0300 I NETWORK  [initandlisten] connection accepted from 127.0.0.1:33052 #6 (4 connections now open)
20:54:35.117 [Thread-12] INFO  o.s.b.a.mongo.embedded.EmbeddedMongo - 2018-10-23T20:54:35.117-0300 I NETWORK  [conn6] end connection 127.0.0.1:33052 (3 connections now open)
20:54:35.121 [Thread-12] INFO  o.s.b.a.mongo.embedded.EmbeddedMongo - 2018-10-23T20:54:35.117-0300 I NETWORK  [conn5] end connection 127.0.0.1:33050 (3 connections now open)
20:54:37.009 [Thread-12] INFO  o.s.b.a.mongo.embedded.EmbeddedMongo - 2018-10-23T20:54:37.009-0300 I NETWORK  [initandlisten] connection accepted from 127.0.0.1:33054 #7 (3 connections now open)
20:54:37.012 [Thread-12] INFO  o.s.b.a.mongo.embedded.EmbeddedMongo - 2018-10-23T20:54:37.012-0300 I NETWORK  [initandlisten] connection accepted from 127.0.0.1:33056 #8 (4 connections now open)
20:54:37.019 [Thread-12] INFO  o.s.b.a.mongo.embedded.EmbeddedMongo - 2018-10-23T20:54:37.018-0300 I NETWORK  [conn7] end connection 127.0.0.1:33054 (3 connections now open)
20:54:37.019 [Thread-12] INFO  o.s.b.a.mongo.embedded.EmbeddedMongo - 2018-10-23T20:54:37.019-0300 I NETWORK  [conn8] end connection 127.0.0.1:33056 (2 connections now open)
20:54:37.294 [Thread-12] INFO  o.s.b.a.mongo.embedded.EmbeddedMongo - 2018-10-23T20:54:37.294-0300 I NETWORK  [initandlisten] connection accepted from 127.0.0.1:33058 #9 (3 connections now open)
20:54:37.306 [Thread-12] INFO  o.s.b.a.mongo.embedded.EmbeddedMongo - 2018-10-23T20:54:37.306-0300 I NETWORK  [initandlisten] connection accepted from 127.0.0.1:33060 #10 (4 connections now open)
20:54:37.311 [Thread-12] INFO  o.s.b.a.mongo.embedded.EmbeddedMongo - 2018-10-23T20:54:37.311-0300 I NETWORK  [conn9] end connection 127.0.0.1:33058 (3 connections now open)
20:54:37.314 [Thread-12] INFO  o.s.b.a.mongo.embedded.EmbeddedMongo - 2018-10-23T20:54:37.314-0300 I NETWORK  [conn10] end connection 127.0.0.1:33060 (2 connections now open)
20:54:39.761 [Thread-12] INFO  o.s.b.a.mongo.embedded.EmbeddedMongo - 2018-10-23T20:54:39.761-0300 I NETWORK  [initandlisten] connection accepted from 127.0.0.1:33062 #11 (3 connections now open)
20:54:39.764 [Thread-12] INFO  o.s.b.a.mongo.embedded.EmbeddedMongo - 2018-10-23T20:54:39.764-0300 I NETWORK  [initandlisten] connection accepted from 127.0.0.1:33064 #12 (4 connections now open)
20:54:39.770 [Thread-12] INFO  o.s.b.a.mongo.embedded.EmbeddedMongo - 2018-10-23T20:54:39.770-0300 I NETWORK  [conn12] end connection 127.0.0.1:33064 (3 connections now open)
20:54:39.770 [Thread-12] INFO  o.s.b.a.mongo.embedded.EmbeddedMongo - 2018-10-23T20:54:39.770-0300 I NETWORK  [conn11] end connection 127.0.0.1:33062 (2 connections now open)
20:54:39.772 [Thread-12] INFO  o.s.b.a.mongo.embedded.EmbeddedMongo - 2018-10-23T20:54:39.772-0300 I NETWORK  [initandlisten] connection accepted from 127.0.0.1:33066 #13 (3 connections now open)
20:54:39.774 [Thread-12] INFO  o.s.b.a.mongo.embedded.EmbeddedMongo - 2018-10-23T20:54:39.774-0300 I NETWORK  [initandlisten] connection accepted from 127.0.0.1:33068 #14 (4 connections now open)
20:54:39.775 [Thread-12] INFO  o.s.b.a.mongo.embedded.EmbeddedMongo - 2018-10-23T20:54:39.775-0300 I NETWORK  [conn14] end connection 127.0.0.1:33068 (3 connections now open)
20:54:39.775 [Thread-12] INFO  o.s.b.a.mongo.embedded.EmbeddedMongo - 2018-10-23T20:54:39.775-0300 I NETWORK  [conn13] end connection 127.0.0.1:33066 (3 connections now open)
20:54:52.978 [Thread-12] INFO  o.s.b.a.mongo.embedded.EmbeddedMongo - 2018-10-23T20:54:52.978-0300 I NETWORK  [initandlisten] connection accepted from 127.0.0.1:33072 #15 (3 connections now open)
20:54:52.992 [Thread-12] INFO  o.s.b.a.mongo.embedded.EmbeddedMongo - 2018-10-23T20:54:52.990-0300 I NETWORK  [initandlisten] connection accepted from 127.0.0.1:33074 #16 (4 connections now open)
20:54:52.998 [Thread-12] INFO  o.s.b.a.mongo.embedded.EmbeddedMongo - 2018-10-23T20:54:52.998-0300 I NETWORK  [conn16] end connection 127.0.0.1:33074 (3 connections now open)
20:54:52.999 [Thread-12] INFO  o.s.b.a.mongo.embedded.EmbeddedMongo - 2018-10-23T20:54:52.999-0300 I NETWORK  [conn15] end connection 127.0.0.1:33072 (2 connections now open)
20:54:55.553 [Thread-12] INFO  o.s.b.a.mongo.embedded.EmbeddedMongo - 2018-10-23T20:54:55.553-0300 I NETWORK  [initandlisten] connection accepted from 127.0.0.1:33076 #17 (3 connections now open)
20:54:55.570 [Thread-12] INFO  o.s.b.a.mongo.embedded.EmbeddedMongo - 2018-10-23T20:54:55.570-0300 I NETWORK  [initandlisten] connection accepted from 127.0.0.1:33078 #18 (4 connections now open)
20:54:55.575 [Thread-12] INFO  o.s.b.a.mongo.embedded.EmbeddedMongo - 2018-10-23T20:54:55.574-0300 I NETWORK  [conn18] end connection 127.0.0.1:33078 (3 connections now open)
20:54:55.575 [Thread-12] INFO  o.s.b.a.mongo.embedded.EmbeddedMongo - 2018-10-23T20:54:55.575-0300 I NETWORK  [conn17] end connection 127.0.0.1:33076 (3 connections now open)
20:55:05.935 [http-nio-2222-exec-1] INFO  o.a.c.c.C.[Tomcat].[localhost].[/] - Initializing Spring FrameworkServlet 'dispatcherServlet'
20:55:05.936 [http-nio-2222-exec-1] INFO  o.s.web.servlet.DispatcherServlet - FrameworkServlet 'dispatcherServlet': initialization started
20:55:05.947 [http-nio-2222-exec-1] INFO  o.s.web.servlet.DispatcherServlet - FrameworkServlet 'dispatcherServlet': initialization completed in 11 ms
20:55:29.516 [Thread-12] INFO  o.s.b.a.mongo.embedded.EmbeddedMongo - 2018-10-23T20:55:29.516-0300 I NETWORK  [initandlisten] connection accepted from 127.0.0.1:33098 #19 (3 connections now open)
20:55:29.519 [Thread-12] INFO  o.s.b.a.mongo.embedded.EmbeddedMongo - 2018-10-23T20:55:29.519-0300 I NETWORK  [initandlisten] connection accepted from 127.0.0.1:33100 #20 (4 connections now open)
20:55:29.521 [Thread-12] INFO  o.s.b.a.mongo.embedded.EmbeddedMongo - 2018-10-23T20:55:29.521-0300 I NETWORK  [conn20] end connection 127.0.0.1:33100 (3 connections now open)
20:55:29.522 [Thread-12] INFO  o.s.b.a.mongo.embedded.EmbeddedMongo - 2018-10-23T20:55:29.522-0300 I NETWORK  [conn19] end connection 127.0.0.1:33098 (3 connections now open)
20:55:31.208 [Thread-12] INFO  o.s.b.a.mongo.embedded.EmbeddedMongo - 2018-10-23T20:55:31.208-0300 I NETWORK  [initandlisten] connection accepted from 127.0.0.1:33102 #21 (3 connections now open)
20:55:31.209 [Thread-12] INFO  o.s.b.a.mongo.embedded.EmbeddedMongo - 2018-10-23T20:55:31.209-0300 I NETWORK  [initandlisten] connection accepted from 127.0.0.1:33104 #22 (4 connections now open)
20:55:31.212 [Thread-12] INFO  o.s.b.a.mongo.embedded.EmbeddedMongo - 2018-10-23T20:55:31.211-0300 I NETWORK  [conn22] end connection 127.0.0.1:33104 (3 connections now open)
20:55:31.212 [Thread-12] INFO  o.s.b.a.mongo.embedded.EmbeddedMongo - 2018-10-23T20:55:31.212-0300 I NETWORK  [conn21] end connection 127.0.0.1:33102 (3 connections now open)
20:55:31.479 [Thread-12] INFO  o.s.b.a.mongo.embedded.EmbeddedMongo - 2018-10-23T20:55:31.479-0300 I NETWORK  [initandlisten] connection accepted from 127.0.0.1:33106 #23 (3 connections now open)
20:55:31.481 [Thread-12] INFO  o.s.b.a.mongo.embedded.EmbeddedMongo - 2018-10-23T20:55:31.481-0300 I NETWORK  [initandlisten] connection accepted from 127.0.0.1:33108 #24 (4 connections now open)
20:55:31.482 [Thread-12] INFO  o.s.b.a.mongo.embedded.EmbeddedMongo - 2018-10-23T20:55:31.482-0300 I NETWORK  [conn24] end connection 127.0.0.1:33108 (3 connections now open)
20:55:31.482 [Thread-12] INFO  o.s.b.a.mongo.embedded.EmbeddedMongo - 2018-10-23T20:55:31.482-0300 I NETWORK  [conn23] end connection 127.0.0.1:33106 (3 connections now open)
20:56:43.009 [Thread-12] INFO  o.s.b.a.mongo.embedded.EmbeddedMongo - 2018-10-23T20:56:43.009-0300 I CONTROL  [signalProcessingThread] got signal 2 (Interrupt), will terminate after current cmd ends
20:56:43.009 [Thread-12] INFO  o.s.b.a.mongo.embedded.EmbeddedMongo - 2018-10-23T20:56:43.009-0300 I FTDC     [signalProcessingThread] Shutting down full-time diagnostic data capture
20:56:43.010 [Thread-12] INFO  o.s.b.a.mongo.embedded.EmbeddedMongo - 2018-10-23T20:56:43.010-0300 I CONTROL  [signalProcessingThread] now exiting
20:56:43.010 [Thread-12] INFO  o.s.b.a.mongo.embedded.EmbeddedMongo - 2018-10-23T20:56:43.010-0300 I NETWORK  [signalProcessingThread] shutdown: going to close listening sockets...
20:56:43.010 [Thread-12] INFO  o.s.b.a.mongo.embedded.EmbeddedMongo - 2018-10-23T20:56:43.010-0300 I NETWORK  [signalProcessingThread] closing listening socket: 5
20:56:43.010 [Thread-12] INFO  o.s.b.a.mongo.embedded.EmbeddedMongo - 2018-10-23T20:56:43.010-0300 I NETWORK  [signalProcessingThread] closing listening socket: 6
20:56:43.010 [Thread-12] INFO  o.s.b.a.mongo.embedded.EmbeddedMongo - 2018-10-23T20:56:43.010-0300 I NETWORK  [signalProcessingThread] removing socket file: /tmp/mongodb-45523.sock
20:56:43.010 [Thread-12] INFO  o.s.b.a.mongo.embedded.EmbeddedMongo - 2018-10-23T20:56:43.010-0300 I NETWORK  [signalProcessingThread] shutdown: going to flush diaglog...
20:56:43.010 [Thread-12] INFO  o.s.b.a.mongo.embedded.EmbeddedMongo - 2018-10-23T20:56:43.010-0300 I NETWORK  [signalProcessingThread] shutdown: going to close sockets...
20:56:43.010 [Thread-12] INFO  o.s.b.a.mongo.embedded.EmbeddedMongo - 2018-10-23T20:56:43.010-0300 I STORAGE  [signalProcessingThread] WiredTigerKVEngine shutting down
20:56:43.011 [Thread-12] INFO  o.s.b.a.mongo.embedded.EmbeddedMongo - 2018-10-23T20:56:43.011-0300 I NETWORK  [conn2] end connection 127.0.0.1:33038 (1 connection now open)
20:56:43.011 [Thread-12] INFO  o.s.b.a.mongo.embedded.EmbeddedMongo - 2018-10-23T20:56:43.011-0300 I NETWORK  [conn1] end connection 127.0.0.1:33026 (0 connections now open)
20:56:43.011 [Thread-22] INFO  o.s.b.c.e.AnnotationConfigEmbeddedWebApplicationContext - Closing org.springframework.boot.context.embedded.AnnotationConfigEmbeddedWebApplicationContext@47fca124: startup date [Tue Oct 23 20:53:59 ART 2018]; root of context hierarchy
20:56:43.013 [Thread-22] INFO  o.s.c.s.DefaultLifecycleProcessor - Stopping beans in phase 2147483647
20:56:43.013 [Thread-22] INFO  o.s.c.s.DefaultLifecycleProcessor - Stopping beans in phase 0
20:56:43.014 [Thread-22] INFO  o.s.j.e.a.AnnotationMBeanExporter - Unregistering JMX-exposed beans on shutdown
20:56:43.016 [Thread-22] INFO  org.mongodb.driver.connection - Closed connection [connectionId{localValue:2, serverValue:2}] to localhost:45523 because the pool has been closed.
20:56:43.072 [Thread-12] INFO  o.s.b.a.mongo.embedded.EmbeddedMongo - 2018-10-23T20:56:43.072-0300 I STORAGE  [signalProcessingThread] shutdown: removing fs lock...
20:56:43.072 [Thread-12] INFO  o.s.b.a.mongo.embedded.EmbeddedMongo - 2018-10-23T20:56:43.072-0300 I CONTROL  [signalProcessingThread] dbexit:  rc: 0
20:59:17.602 [restartedMain] INFO  pl.piomin.services.boot.Application - Starting Application on jose-server with PID 15970 (/home/josefigueredo/Workspaces/java/spring-cloud/MasteringSpringCloud_Code/Chapter02/sample-spring-boot-web-mongo/target/classes started by josefigueredo in /home/josefigueredo/Workspaces/java/spring-cloud/MasteringSpringCloud_Code/Chapter02/sample-spring-boot-web-mongo)
20:59:17.603 [restartedMain] INFO  pl.piomin.services.boot.Application - The following profiles are active: production
20:59:17.676 [restartedMain] INFO  o.s.b.c.e.AnnotationConfigEmbeddedWebApplicationContext - Refreshing org.springframework.boot.context.embedded.AnnotationConfigEmbeddedWebApplicationContext@4abe8173: startup date [Tue Oct 23 20:59:17 ART 2018]; root of context hierarchy
20:59:19.044 [restartedMain] INFO  o.s.b.c.e.t.TomcatEmbeddedServletContainer - Tomcat initialized with port(s): 2222 (http)
20:59:19.050 [restartedMain] INFO  o.a.catalina.core.StandardService - Starting service [Tomcat]
20:59:19.051 [restartedMain] INFO  o.a.catalina.core.StandardEngine - Starting Servlet Engine: Apache Tomcat/8.5.20
20:59:19.092 [localhost-startStop-1] INFO  o.a.c.c.C.[Tomcat].[localhost].[/] - Initializing Spring embedded WebApplicationContext
20:59:19.092 [localhost-startStop-1] INFO  o.s.web.context.ContextLoader - Root WebApplicationContext: initialization completed in 1423 ms
20:59:19.253 [localhost-startStop-1] INFO  o.s.b.w.s.ServletRegistrationBean - Mapping servlet: 'dispatcherServlet' to [/]
20:59:19.256 [localhost-startStop-1] INFO  o.s.b.w.s.FilterRegistrationBean - Mapping filter: 'metricsFilter' to: [/*]
20:59:19.256 [localhost-startStop-1] INFO  o.s.b.w.s.FilterRegistrationBean - Mapping filter: 'characterEncodingFilter' to: [/*]
20:59:19.256 [localhost-startStop-1] INFO  o.s.b.w.s.FilterRegistrationBean - Mapping filter: 'hiddenHttpMethodFilter' to: [/*]
20:59:19.256 [localhost-startStop-1] INFO  o.s.b.w.s.FilterRegistrationBean - Mapping filter: 'httpPutFormContentFilter' to: [/*]
20:59:19.256 [localhost-startStop-1] INFO  o.s.b.w.s.FilterRegistrationBean - Mapping filter: 'requestContextFilter' to: [/*]
20:59:19.257 [localhost-startStop-1] INFO  o.s.b.w.s.FilterRegistrationBean - Mapping filter: 'webRequestLoggingFilter' to: [/*]
20:59:19.257 [localhost-startStop-1] INFO  o.s.b.w.s.FilterRegistrationBean - Mapping filter: 'applicationContextIdFilter' to: [/*]
20:59:19.433 [restartedMain] INFO  org.mongodb.driver.cluster - Cluster created with settings {hosts=[127.0.0.1:27017], mode=MULTIPLE, requiredClusterType=UNKNOWN, serverSelectionTimeout='30000 ms', maxWaitQueueSize=500}
20:59:19.433 [restartedMain] INFO  org.mongodb.driver.cluster - Adding discovered server 127.0.0.1:27017 to client view of cluster
20:59:19.478 [cluster-ClusterId{value='5bcfb5d7fa117b3e62682262', description='null'}-127.0.0.1:27017] INFO  org.mongodb.driver.cluster - Exception in monitor thread while connecting to server 127.0.0.1:27017
com.mongodb.MongoSecurityException: Exception authenticating MongoCredential{mechanism=null, userName='micro', source='microservices', password=<hidden>, mechanismProperties={}}
	at com.mongodb.connection.SaslAuthenticator.wrapInMongoSecurityException(SaslAuthenticator.java:157)
	at com.mongodb.connection.SaslAuthenticator.access$200(SaslAuthenticator.java:37)
	at com.mongodb.connection.SaslAuthenticator$1.run(SaslAuthenticator.java:66)
	at com.mongodb.connection.SaslAuthenticator$1.run(SaslAuthenticator.java:44)
	at com.mongodb.connection.SaslAuthenticator.doAsSubject(SaslAuthenticator.java:162)
	at com.mongodb.connection.SaslAuthenticator.authenticate(SaslAuthenticator.java:44)
	at com.mongodb.connection.DefaultAuthenticator.authenticate(DefaultAuthenticator.java:32)
	at com.mongodb.connection.InternalStreamConnectionInitializer.authenticateAll(InternalStreamConnectionInitializer.java:109)
	at com.mongodb.connection.InternalStreamConnectionInitializer.initialize(InternalStreamConnectionInitializer.java:46)
	at com.mongodb.connection.InternalStreamConnection.open(InternalStreamConnection.java:116)
	at com.mongodb.connection.DefaultServerMonitor$ServerMonitorRunnable.run(DefaultServerMonitor.java:113)
	at java.lang.Thread.run(Thread.java:748)
Caused by: com.mongodb.MongoCommandException: Command failed with error 18: 'Authentication failed.' on server 127.0.0.1:27017. The full response is { "ok" : 0.0, "errmsg" : "Authentication failed.", "code" : 18, "codeName" : "AuthenticationFailed" }
	at com.mongodb.connection.CommandHelper.createCommandFailureException(CommandHelper.java:170)
	at com.mongodb.connection.CommandHelper.receiveCommandResult(CommandHelper.java:123)
	at com.mongodb.connection.CommandHelper.executeCommand(CommandHelper.java:32)
	at com.mongodb.connection.SaslAuthenticator.sendSaslStart(SaslAuthenticator.java:117)
	at com.mongodb.connection.SaslAuthenticator.access$000(SaslAuthenticator.java:37)
	at com.mongodb.connection.SaslAuthenticator$1.run(SaslAuthenticator.java:50)
	... 9 common frames omitted
20:59:19.927 [restartedMain] INFO  o.s.w.s.m.m.a.RequestMappingHandlerMapping - Mapped "{[/person/{id}],methods=[GET]}" onto public pl.piomin.services.boot.model.Person pl.piomin.services.boot.controller.PersonController.findById(java.lang.String)
20:59:19.928 [restartedMain] INFO  o.s.w.s.m.m.a.RequestMappingHandlerMapping - Mapped "{[/person],methods=[GET]}" onto public java.util.List<pl.piomin.services.boot.model.Person> pl.piomin.services.boot.controller.PersonController.findAll()
20:59:19.928 [restartedMain] INFO  o.s.w.s.m.m.a.RequestMappingHandlerMapping - Mapped "{[/person/age/{age}],methods=[GET]}" onto public java.util.List<pl.piomin.services.boot.model.Person> pl.piomin.services.boot.controller.PersonController.findByAgeGreaterThan(int)
20:59:19.929 [restartedMain] INFO  o.s.w.s.m.m.a.RequestMappingHandlerMapping - Mapped "{[/person/lastname/{lastName}],methods=[GET]}" onto public java.util.List<pl.piomin.services.boot.model.Person> pl.piomin.services.boot.controller.PersonController.findByLastName(java.lang.String)
20:59:19.929 [restartedMain] INFO  o.s.w.s.m.m.a.RequestMappingHandlerMapping - Mapped "{[/person],methods=[POST]}" onto public pl.piomin.services.boot.model.Person pl.piomin.services.boot.controller.PersonController.add(pl.piomin.services.boot.model.Person)
20:59:19.929 [restartedMain] INFO  o.s.w.s.m.m.a.RequestMappingHandlerMapping - Mapped "{[/person],methods=[PUT]}" onto public void pl.piomin.services.boot.controller.PersonController.update(pl.piomin.services.boot.model.Person)
20:59:19.929 [restartedMain] INFO  o.s.w.s.m.m.a.RequestMappingHandlerMapping - Mapped "{[/person/{id}],methods=[DELETE]}" onto public void pl.piomin.services.boot.controller.PersonController.delete(java.lang.String)
20:59:19.932 [restartedMain] INFO  o.s.w.s.m.m.a.RequestMappingHandlerMapping - Mapped "{[/swagger-resources]}" onto public org.springframework.http.ResponseEntity<java.util.List<springfox.documentation.swagger.web.SwaggerResource>> springfox.documentation.swagger.web.ApiResourceController.swaggerResources()
20:59:19.932 [restartedMain] INFO  o.s.w.s.m.m.a.RequestMappingHandlerMapping - Mapped "{[/swagger-resources/configuration/ui]}" onto public org.springframework.http.ResponseEntity<springfox.documentation.swagger.web.UiConfiguration> springfox.documentation.swagger.web.ApiResourceController.uiConfiguration()
20:59:19.933 [restartedMain] INFO  o.s.w.s.m.m.a.RequestMappingHandlerMapping - Mapped "{[/swagger-resources/configuration/security]}" onto public org.springframework.http.ResponseEntity<springfox.documentation.swagger.web.SecurityConfiguration> springfox.documentation.swagger.web.ApiResourceController.securityConfiguration()
20:59:19.935 [restartedMain] INFO  o.s.w.s.m.m.a.RequestMappingHandlerMapping - Mapped "{[/error],produces=[text/html]}" onto public org.springframework.web.servlet.ModelAndView org.springframework.boot.autoconfigure.web.BasicErrorController.errorHtml(javax.servlet.http.HttpServletRequest,javax.servlet.http.HttpServletResponse)
20:59:19.936 [restartedMain] INFO  o.s.w.s.m.m.a.RequestMappingHandlerMapping - Mapped "{[/error]}" onto public org.springframework.http.ResponseEntity<java.util.Map<java.lang.String, java.lang.Object>> org.springframework.boot.autoconfigure.web.BasicErrorController.error(javax.servlet.http.HttpServletRequest)
20:59:20.166 [restartedMain] INFO  o.s.b.a.e.mvc.EndpointHandlerMapping - Mapped "{[/autoconfig || /autoconfig.json],methods=[GET],produces=[application/vnd.spring-boot.actuator.v1+json || application/json]}" onto public java.lang.Object org.springframework.boot.actuate.endpoint.mvc.EndpointMvcAdapter.invoke()
20:59:20.167 [restartedMain] INFO  o.s.b.a.e.mvc.EndpointHandlerMapping - Mapped "{[/mappings || /mappings.json],methods=[GET],produces=[application/vnd.spring-boot.actuator.v1+json || application/json]}" onto public java.lang.Object org.springframework.boot.actuate.endpoint.mvc.EndpointMvcAdapter.invoke()
20:59:20.168 [restartedMain] INFO  o.s.b.a.e.mvc.EndpointHandlerMapping - Mapped "{[/info || /info.json],methods=[GET],produces=[application/vnd.spring-boot.actuator.v1+json || application/json]}" onto public java.lang.Object org.springframework.boot.actuate.endpoint.mvc.EndpointMvcAdapter.invoke()
20:59:20.168 [restartedMain] INFO  o.s.b.a.e.mvc.EndpointHandlerMapping - Mapped "{[/dump || /dump.json],methods=[GET],produces=[application/vnd.spring-boot.actuator.v1+json || application/json]}" onto public java.lang.Object org.springframework.boot.actuate.endpoint.mvc.EndpointMvcAdapter.invoke()
20:59:20.169 [restartedMain] INFO  o.s.b.a.e.mvc.EndpointHandlerMapping - Mapped "{[/auditevents || /auditevents.json],methods=[GET],produces=[application/vnd.spring-boot.actuator.v1+json || application/json]}" onto public org.springframework.http.ResponseEntity<?> org.springframework.boot.actuate.endpoint.mvc.AuditEventsMvcEndpoint.findByPrincipalAndAfterAndType(java.lang.String,java.util.Date,java.lang.String)
20:59:20.170 [restartedMain] INFO  o.s.b.a.e.mvc.EndpointHandlerMapping - Mapped "{[/heapdump || /heapdump.json],methods=[GET],produces=[application/octet-stream]}" onto public void org.springframework.boot.actuate.endpoint.mvc.HeapdumpMvcEndpoint.invoke(boolean,javax.servlet.http.HttpServletRequest,javax.servlet.http.HttpServletResponse) throws java.io.IOException,javax.servlet.ServletException
20:59:20.170 [restartedMain] INFO  o.s.b.a.e.mvc.EndpointHandlerMapping - Mapped "{[/configprops || /configprops.json],methods=[GET],produces=[application/vnd.spring-boot.actuator.v1+json || application/json]}" onto public java.lang.Object org.springframework.boot.actuate.endpoint.mvc.EndpointMvcAdapter.invoke()
20:59:20.171 [restartedMain] INFO  o.s.b.a.e.mvc.EndpointHandlerMapping - Mapped "{[/health || /health.json],methods=[GET],produces=[application/vnd.spring-boot.actuator.v1+json || application/json]}" onto public java.lang.Object org.springframework.boot.actuate.endpoint.mvc.HealthMvcEndpoint.invoke(javax.servlet.http.HttpServletRequest,java.security.Principal)
20:59:20.172 [restartedMain] INFO  o.s.b.a.e.mvc.EndpointHandlerMapping - Mapped "{[/loggers/{name:.*}],methods=[GET],produces=[application/vnd.spring-boot.actuator.v1+json || application/json]}" onto public java.lang.Object org.springframework.boot.actuate.endpoint.mvc.LoggersMvcEndpoint.get(java.lang.String)
20:59:20.172 [restartedMain] INFO  o.s.b.a.e.mvc.EndpointHandlerMapping - Mapped "{[/loggers/{name:.*}],methods=[POST],consumes=[application/vnd.spring-boot.actuator.v1+json || application/json],produces=[application/vnd.spring-boot.actuator.v1+json || application/json]}" onto public java.lang.Object org.springframework.boot.actuate.endpoint.mvc.LoggersMvcEndpoint.set(java.lang.String,java.util.Map<java.lang.String, java.lang.String>)
20:59:20.172 [restartedMain] INFO  o.s.b.a.e.mvc.EndpointHandlerMapping - Mapped "{[/loggers || /loggers.json],methods=[GET],produces=[application/vnd.spring-boot.actuator.v1+json || application/json]}" onto public java.lang.Object org.springframework.boot.actuate.endpoint.mvc.EndpointMvcAdapter.invoke()
20:59:20.173 [restartedMain] INFO  o.s.b.a.e.mvc.EndpointHandlerMapping - Mapped "{[/beans || /beans.json],methods=[GET],produces=[application/vnd.spring-boot.actuator.v1+json || application/json]}" onto public java.lang.Object org.springframework.boot.actuate.endpoint.mvc.EndpointMvcAdapter.invoke()
20:59:20.174 [restartedMain] INFO  o.s.b.a.e.mvc.EndpointHandlerMapping - Mapped "{[/metrics/{name:.*}],methods=[GET],produces=[application/vnd.spring-boot.actuator.v1+json || application/json]}" onto public java.lang.Object org.springframework.boot.actuate.endpoint.mvc.MetricsMvcEndpoint.value(java.lang.String)
20:59:20.174 [restartedMain] INFO  o.s.b.a.e.mvc.EndpointHandlerMapping - Mapped "{[/metrics || /metrics.json],methods=[GET],produces=[application/vnd.spring-boot.actuator.v1+json || application/json]}" onto public java.lang.Object org.springframework.boot.actuate.endpoint.mvc.EndpointMvcAdapter.invoke()
20:59:20.174 [restartedMain] INFO  o.s.b.a.e.mvc.EndpointHandlerMapping - Mapped "{[/env/{name:.*}],methods=[GET],produces=[application/vnd.spring-boot.actuator.v1+json || application/json]}" onto public java.lang.Object org.springframework.boot.actuate.endpoint.mvc.EnvironmentMvcEndpoint.value(java.lang.String)
20:59:20.175 [restartedMain] INFO  o.s.b.a.e.mvc.EndpointHandlerMapping - Mapped "{[/env || /env.json],methods=[GET],produces=[application/vnd.spring-boot.actuator.v1+json || application/json]}" onto public java.lang.Object org.springframework.boot.actuate.endpoint.mvc.EndpointMvcAdapter.invoke()
20:59:20.175 [restartedMain] INFO  o.s.b.a.e.mvc.EndpointHandlerMapping - Mapped "{[/trace || /trace.json],methods=[GET],produces=[application/vnd.spring-boot.actuator.v1+json || application/json]}" onto public java.lang.Object org.springframework.boot.actuate.endpoint.mvc.EndpointMvcAdapter.invoke()
20:59:20.176 [restartedMain] INFO  o.s.b.a.e.mvc.EndpointHandlerMapping - Mapped "{[/logfile || /logfile.json],methods=[GET || HEAD]}" onto public void org.springframework.boot.actuate.endpoint.mvc.LogFileMvcEndpoint.invoke(javax.servlet.http.HttpServletRequest,javax.servlet.http.HttpServletResponse) throws javax.servlet.ServletException,java.io.IOException
20:59:20.274 [restartedMain] INFO  s.d.s.w.PropertySourcedRequestMappingHandlerMapping - Mapped URL path [/v2/api-docs] onto method [public org.springframework.http.ResponseEntity<springfox.documentation.spring.web.json.Json> springfox.documentation.swagger2.web.Swagger2Controller.getDocumentation(java.lang.String,javax.servlet.http.HttpServletRequest)]
20:59:20.454 [restartedMain] INFO  o.s.w.s.m.m.a.RequestMappingHandlerAdapter - Looking for @ControllerAdvice: org.springframework.boot.context.embedded.AnnotationConfigEmbeddedWebApplicationContext@4abe8173: startup date [Tue Oct 23 20:59:17 ART 2018]; root of context hierarchy
20:59:20.492 [restartedMain] INFO  o.s.w.s.h.SimpleUrlHandlerMapping - Mapped URL path [/webjars/**] onto handler of type [class org.springframework.web.servlet.resource.ResourceHttpRequestHandler]
20:59:20.492 [restartedMain] INFO  o.s.w.s.h.SimpleUrlHandlerMapping - Mapped URL path [/**] onto handler of type [class org.springframework.web.servlet.resource.ResourceHttpRequestHandler]
20:59:20.520 [restartedMain] INFO  o.s.w.s.h.SimpleUrlHandlerMapping - Mapped URL path [/**/favicon.ico] onto handler of type [class org.springframework.web.servlet.resource.ResourceHttpRequestHandler]
20:59:20.682 [restartedMain] INFO  o.s.b.d.a.OptionalLiveReloadServer - LiveReload server is running on port 35729
20:59:20.778 [restartedMain] INFO  o.s.j.e.a.AnnotationMBeanExporter - Registering beans for JMX exposure on startup
20:59:20.787 [restartedMain] INFO  o.s.c.s.DefaultLifecycleProcessor - Starting beans in phase 0
20:59:20.828 [restartedMain] INFO  o.s.c.s.DefaultLifecycleProcessor - Starting beans in phase 2147483647
20:59:20.828 [restartedMain] INFO  s.d.s.w.p.DocumentationPluginsBootstrapper - Context refreshed
20:59:20.839 [restartedMain] INFO  s.d.s.w.p.DocumentationPluginsBootstrapper - Found 1 custom documentation plugin(s)
20:59:20.886 [restartedMain] INFO  s.d.s.w.s.ApiListingReferenceScanner - Scanning for api listing references
20:59:21.034 [restartedMain] INFO  o.s.b.c.e.t.TomcatEmbeddedServletContainer - Tomcat started on port(s): 2222 (http)
20:59:21.039 [restartedMain] INFO  pl.piomin.services.boot.Application - Started Application in 3.78 seconds (JVM running for 4.355)
20:59:21.495 [RMI TCP Connection(4)-127.0.0.1] INFO  org.mongodb.driver.cluster - No server chosen by ReadPreferenceServerSelector{readPreference=primary} from cluster description ClusterDescription{type=UNKNOWN, connectionMode=MULTIPLE, serverDescriptions=[ServerDescription{address=127.0.0.1:27017, type=UNKNOWN, state=CONNECTING, exception={com.mongodb.MongoSecurityException: Exception authenticating MongoCredential{mechanism=null, userName='micro', source='microservices', password=<hidden>, mechanismProperties={}}}, caused by {com.mongodb.MongoCommandException: Command failed with error 18: 'Authentication failed.' on server 127.0.0.1:27017. The full response is { "ok" : 0.0, "errmsg" : "Authentication failed.", "code" : 18, "codeName" : "AuthenticationFailed" }}}]}. Waiting for 30000 ms before timing out
20:59:49.496 [Thread-17] INFO  o.s.b.c.e.AnnotationConfigEmbeddedWebApplicationContext - Closing org.springframework.boot.context.embedded.AnnotationConfigEmbeddedWebApplicationContext@4abe8173: startup date [Tue Oct 23 20:59:17 ART 2018]; root of context hierarchy
20:59:49.498 [Thread-17] INFO  o.s.c.s.DefaultLifecycleProcessor - Stopping beans in phase 2147483647
20:59:49.498 [Thread-17] INFO  o.s.c.s.DefaultLifecycleProcessor - Stopping beans in phase 0
20:59:49.499 [Thread-17] INFO  o.s.j.e.a.AnnotationMBeanExporter - Unregistering JMX-exposed beans on shutdown
20:59:52.072 [restartedMain] INFO  pl.piomin.services.boot.Application - Starting Application on jose-server with PID 16173 (/home/josefigueredo/Workspaces/java/spring-cloud/MasteringSpringCloud_Code/Chapter02/sample-spring-boot-web-mongo/target/classes started by josefigueredo in /home/josefigueredo/Workspaces/java/spring-cloud/MasteringSpringCloud_Code/Chapter02/sample-spring-boot-web-mongo)
20:59:52.073 [restartedMain] INFO  pl.piomin.services.boot.Application - The following profiles are active: production
20:59:52.119 [restartedMain] INFO  o.s.b.c.e.AnnotationConfigEmbeddedWebApplicationContext - Refreshing org.springframework.boot.context.embedded.AnnotationConfigEmbeddedWebApplicationContext@23e8e9a7: startup date [Tue Oct 23 20:59:52 ART 2018]; root of context hierarchy
20:59:53.500 [restartedMain] INFO  o.s.b.c.e.t.TomcatEmbeddedServletContainer - Tomcat initialized with port(s): 2222 (http)
20:59:53.506 [restartedMain] INFO  o.a.catalina.core.StandardService - Starting service [Tomcat]
20:59:53.506 [restartedMain] INFO  o.a.catalina.core.StandardEngine - Starting Servlet Engine: Apache Tomcat/8.5.20
20:59:53.549 [localhost-startStop-1] INFO  o.a.c.c.C.[Tomcat].[localhost].[/] - Initializing Spring embedded WebApplicationContext
20:59:53.549 [localhost-startStop-1] INFO  o.s.web.context.ContextLoader - Root WebApplicationContext: initialization completed in 1432 ms
20:59:53.717 [localhost-startStop-1] INFO  o.s.b.w.s.ServletRegistrationBean - Mapping servlet: 'dispatcherServlet' to [/]
20:59:53.720 [localhost-startStop-1] INFO  o.s.b.w.s.FilterRegistrationBean - Mapping filter: 'metricsFilter' to: [/*]
20:59:53.720 [localhost-startStop-1] INFO  o.s.b.w.s.FilterRegistrationBean - Mapping filter: 'characterEncodingFilter' to: [/*]
20:59:53.720 [localhost-startStop-1] INFO  o.s.b.w.s.FilterRegistrationBean - Mapping filter: 'hiddenHttpMethodFilter' to: [/*]
20:59:53.720 [localhost-startStop-1] INFO  o.s.b.w.s.FilterRegistrationBean - Mapping filter: 'httpPutFormContentFilter' to: [/*]
20:59:53.720 [localhost-startStop-1] INFO  o.s.b.w.s.FilterRegistrationBean - Mapping filter: 'requestContextFilter' to: [/*]
20:59:53.720 [localhost-startStop-1] INFO  o.s.b.w.s.FilterRegistrationBean - Mapping filter: 'webRequestLoggingFilter' to: [/*]
20:59:53.720 [localhost-startStop-1] INFO  o.s.b.w.s.FilterRegistrationBean - Mapping filter: 'applicationContextIdFilter' to: [/*]
20:59:53.900 [restartedMain] INFO  org.mongodb.driver.cluster - Cluster created with settings {hosts=[127.0.0.1:27017], mode=MULTIPLE, requiredClusterType=UNKNOWN, serverSelectionTimeout='30000 ms', maxWaitQueueSize=500}
20:59:53.900 [restartedMain] INFO  org.mongodb.driver.cluster - Adding discovered server 127.0.0.1:27017 to client view of cluster
20:59:53.936 [cluster-ClusterId{value='5bcfb5f9fa117b3f2db61fe5', description='null'}-127.0.0.1:27017] INFO  org.mongodb.driver.connection - Opened connection [connectionId{localValue:1, serverValue:58}] to 127.0.0.1:27017
20:59:53.938 [cluster-ClusterId{value='5bcfb5f9fa117b3f2db61fe5', description='null'}-127.0.0.1:27017] INFO  org.mongodb.driver.cluster - Monitor thread successfully connected to server with description ServerDescription{address=127.0.0.1:27017, type=STANDALONE, state=CONNECTED, ok=true, version=ServerVersion{versionList=[4, 0, 3]}, minWireVersion=0, maxWireVersion=7, maxDocumentSize=16777216, roundTripTimeNanos=371106}
20:59:53.938 [cluster-ClusterId{value='5bcfb5f9fa117b3f2db61fe5', description='null'}-127.0.0.1:27017] INFO  org.mongodb.driver.cluster - Discovered cluster type of STANDALONE
20:59:54.379 [restartedMain] INFO  o.s.w.s.m.m.a.RequestMappingHandlerMapping - Mapped "{[/person/{id}],methods=[GET]}" onto public pl.piomin.services.boot.model.Person pl.piomin.services.boot.controller.PersonController.findById(java.lang.String)
20:59:54.380 [restartedMain] INFO  o.s.w.s.m.m.a.RequestMappingHandlerMapping - Mapped "{[/person],methods=[GET]}" onto public java.util.List<pl.piomin.services.boot.model.Person> pl.piomin.services.boot.controller.PersonController.findAll()
20:59:54.380 [restartedMain] INFO  o.s.w.s.m.m.a.RequestMappingHandlerMapping - Mapped "{[/person/age/{age}],methods=[GET]}" onto public java.util.List<pl.piomin.services.boot.model.Person> pl.piomin.services.boot.controller.PersonController.findByAgeGreaterThan(int)
20:59:54.381 [restartedMain] INFO  o.s.w.s.m.m.a.RequestMappingHandlerMapping - Mapped "{[/person/lastname/{lastName}],methods=[GET]}" onto public java.util.List<pl.piomin.services.boot.model.Person> pl.piomin.services.boot.controller.PersonController.findByLastName(java.lang.String)
20:59:54.381 [restartedMain] INFO  o.s.w.s.m.m.a.RequestMappingHandlerMapping - Mapped "{[/person],methods=[POST]}" onto public pl.piomin.services.boot.model.Person pl.piomin.services.boot.controller.PersonController.add(pl.piomin.services.boot.model.Person)
20:59:54.381 [restartedMain] INFO  o.s.w.s.m.m.a.RequestMappingHandlerMapping - Mapped "{[/person],methods=[PUT]}" onto public void pl.piomin.services.boot.controller.PersonController.update(pl.piomin.services.boot.model.Person)
20:59:54.381 [restartedMain] INFO  o.s.w.s.m.m.a.RequestMappingHandlerMapping - Mapped "{[/person/{id}],methods=[DELETE]}" onto public void pl.piomin.services.boot.controller.PersonController.delete(java.lang.String)
20:59:54.383 [restartedMain] INFO  o.s.w.s.m.m.a.RequestMappingHandlerMapping - Mapped "{[/swagger-resources]}" onto public org.springframework.http.ResponseEntity<java.util.List<springfox.documentation.swagger.web.SwaggerResource>> springfox.documentation.swagger.web.ApiResourceController.swaggerResources()
20:59:54.384 [restartedMain] INFO  o.s.w.s.m.m.a.RequestMappingHandlerMapping - Mapped "{[/swagger-resources/configuration/ui]}" onto public org.springframework.http.ResponseEntity<springfox.documentation.swagger.web.UiConfiguration> springfox.documentation.swagger.web.ApiResourceController.uiConfiguration()
20:59:54.384 [restartedMain] INFO  o.s.w.s.m.m.a.RequestMappingHandlerMapping - Mapped "{[/swagger-resources/configuration/security]}" onto public org.springframework.http.ResponseEntity<springfox.documentation.swagger.web.SecurityConfiguration> springfox.documentation.swagger.web.ApiResourceController.securityConfiguration()
20:59:54.387 [restartedMain] INFO  o.s.w.s.m.m.a.RequestMappingHandlerMapping - Mapped "{[/error],produces=[text/html]}" onto public org.springframework.web.servlet.ModelAndView org.springframework.boot.autoconfigure.web.BasicErrorController.errorHtml(javax.servlet.http.HttpServletRequest,javax.servlet.http.HttpServletResponse)
20:59:54.387 [restartedMain] INFO  o.s.w.s.m.m.a.RequestMappingHandlerMapping - Mapped "{[/error]}" onto public org.springframework.http.ResponseEntity<java.util.Map<java.lang.String, java.lang.Object>> org.springframework.boot.autoconfigure.web.BasicErrorController.error(javax.servlet.http.HttpServletRequest)
20:59:54.534 [restartedMain] INFO  o.s.b.a.e.mvc.EndpointHandlerMapping - Mapped "{[/info || /info.json],methods=[GET],produces=[application/vnd.spring-boot.actuator.v1+json || application/json]}" onto public java.lang.Object org.springframework.boot.actuate.endpoint.mvc.EndpointMvcAdapter.invoke()
20:59:54.534 [restartedMain] INFO  o.s.b.a.e.mvc.EndpointHandlerMapping - Mapped "{[/dump || /dump.json],methods=[GET],produces=[application/vnd.spring-boot.actuator.v1+json || application/json]}" onto public java.lang.Object org.springframework.boot.actuate.endpoint.mvc.EndpointMvcAdapter.invoke()
20:59:54.535 [restartedMain] INFO  o.s.b.a.e.mvc.EndpointHandlerMapping - Mapped "{[/env/{name:.*}],methods=[GET],produces=[application/vnd.spring-boot.actuator.v1+json || application/json]}" onto public java.lang.Object org.springframework.boot.actuate.endpoint.mvc.EnvironmentMvcEndpoint.value(java.lang.String)
20:59:54.535 [restartedMain] INFO  o.s.b.a.e.mvc.EndpointHandlerMapping - Mapped "{[/env || /env.json],methods=[GET],produces=[application/vnd.spring-boot.actuator.v1+json || application/json]}" onto public java.lang.Object org.springframework.boot.actuate.endpoint.mvc.EndpointMvcAdapter.invoke()
20:59:54.536 [restartedMain] INFO  o.s.b.a.e.mvc.EndpointHandlerMapping - Mapped "{[/loggers/{name:.*}],methods=[GET],produces=[application/vnd.spring-boot.actuator.v1+json || application/json]}" onto public java.lang.Object org.springframework.boot.actuate.endpoint.mvc.LoggersMvcEndpoint.get(java.lang.String)
20:59:54.536 [restartedMain] INFO  o.s.b.a.e.mvc.EndpointHandlerMapping - Mapped "{[/loggers/{name:.*}],methods=[POST],consumes=[application/vnd.spring-boot.actuator.v1+json || application/json],produces=[application/vnd.spring-boot.actuator.v1+json || application/json]}" onto public java.lang.Object org.springframework.boot.actuate.endpoint.mvc.LoggersMvcEndpoint.set(java.lang.String,java.util.Map<java.lang.String, java.lang.String>)
20:59:54.537 [restartedMain] INFO  o.s.b.a.e.mvc.EndpointHandlerMapping - Mapped "{[/loggers || /loggers.json],methods=[GET],produces=[application/vnd.spring-boot.actuator.v1+json || application/json]}" onto public java.lang.Object org.springframework.boot.actuate.endpoint.mvc.EndpointMvcAdapter.invoke()
20:59:54.537 [restartedMain] INFO  o.s.b.a.e.mvc.EndpointHandlerMapping - Mapped "{[/metrics/{name:.*}],methods=[GET],produces=[application/vnd.spring-boot.actuator.v1+json || application/json]}" onto public java.lang.Object org.springframework.boot.actuate.endpoint.mvc.MetricsMvcEndpoint.value(java.lang.String)
20:59:54.537 [restartedMain] INFO  o.s.b.a.e.mvc.EndpointHandlerMapping - Mapped "{[/metrics || /metrics.json],methods=[GET],produces=[application/vnd.spring-boot.actuator.v1+json || application/json]}" onto public java.lang.Object org.springframework.boot.actuate.endpoint.mvc.EndpointMvcAdapter.invoke()
20:59:54.538 [restartedMain] INFO  o.s.b.a.e.mvc.EndpointHandlerMapping - Mapped "{[/beans || /beans.json],methods=[GET],produces=[application/vnd.spring-boot.actuator.v1+json || application/json]}" onto public java.lang.Object org.springframework.boot.actuate.endpoint.mvc.EndpointMvcAdapter.invoke()
20:59:54.539 [restartedMain] INFO  o.s.b.a.e.mvc.EndpointHandlerMapping - Mapped "{[/health || /health.json],methods=[GET],produces=[application/vnd.spring-boot.actuator.v1+json || application/json]}" onto public java.lang.Object org.springframework.boot.actuate.endpoint.mvc.HealthMvcEndpoint.invoke(javax.servlet.http.HttpServletRequest,java.security.Principal)
20:59:54.539 [restartedMain] INFO  o.s.b.a.e.mvc.EndpointHandlerMapping - Mapped "{[/configprops || /configprops.json],methods=[GET],produces=[application/vnd.spring-boot.actuator.v1+json || application/json]}" onto public java.lang.Object org.springframework.boot.actuate.endpoint.mvc.EndpointMvcAdapter.invoke()
20:59:54.540 [restartedMain] INFO  o.s.b.a.e.mvc.EndpointHandlerMapping - Mapped "{[/heapdump || /heapdump.json],methods=[GET],produces=[application/octet-stream]}" onto public void org.springframework.boot.actuate.endpoint.mvc.HeapdumpMvcEndpoint.invoke(boolean,javax.servlet.http.HttpServletRequest,javax.servlet.http.HttpServletResponse) throws java.io.IOException,javax.servlet.ServletException
20:59:54.540 [restartedMain] INFO  o.s.b.a.e.mvc.EndpointHandlerMapping - Mapped "{[/trace || /trace.json],methods=[GET],produces=[application/vnd.spring-boot.actuator.v1+json || application/json]}" onto public java.lang.Object org.springframework.boot.actuate.endpoint.mvc.EndpointMvcAdapter.invoke()
20:59:54.540 [restartedMain] INFO  o.s.b.a.e.mvc.EndpointHandlerMapping - Mapped "{[/autoconfig || /autoconfig.json],methods=[GET],produces=[application/vnd.spring-boot.actuator.v1+json || application/json]}" onto public java.lang.Object org.springframework.boot.actuate.endpoint.mvc.EndpointMvcAdapter.invoke()
20:59:54.541 [restartedMain] INFO  o.s.b.a.e.mvc.EndpointHandlerMapping - Mapped "{[/logfile || /logfile.json],methods=[GET || HEAD]}" onto public void org.springframework.boot.actuate.endpoint.mvc.LogFileMvcEndpoint.invoke(javax.servlet.http.HttpServletRequest,javax.servlet.http.HttpServletResponse) throws javax.servlet.ServletException,java.io.IOException
20:59:54.542 [restartedMain] INFO  o.s.b.a.e.mvc.EndpointHandlerMapping - Mapped "{[/auditevents || /auditevents.json],methods=[GET],produces=[application/vnd.spring-boot.actuator.v1+json || application/json]}" onto public org.springframework.http.ResponseEntity<?> org.springframework.boot.actuate.endpoint.mvc.AuditEventsMvcEndpoint.findByPrincipalAndAfterAndType(java.lang.String,java.util.Date,java.lang.String)
20:59:54.542 [restartedMain] INFO  o.s.b.a.e.mvc.EndpointHandlerMapping - Mapped "{[/mappings || /mappings.json],methods=[GET],produces=[application/vnd.spring-boot.actuator.v1+json || application/json]}" onto public java.lang.Object org.springframework.boot.actuate.endpoint.mvc.EndpointMvcAdapter.invoke()
20:59:54.702 [restartedMain] INFO  s.d.s.w.PropertySourcedRequestMappingHandlerMapping - Mapped URL path [/v2/api-docs] onto method [public org.springframework.http.ResponseEntity<springfox.documentation.spring.web.json.Json> springfox.documentation.swagger2.web.Swagger2Controller.getDocumentation(java.lang.String,javax.servlet.http.HttpServletRequest)]
20:59:54.876 [restartedMain] INFO  o.s.w.s.m.m.a.RequestMappingHandlerAdapter - Looking for @ControllerAdvice: org.springframework.boot.context.embedded.AnnotationConfigEmbeddedWebApplicationContext@23e8e9a7: startup date [Tue Oct 23 20:59:52 ART 2018]; root of context hierarchy
20:59:54.913 [restartedMain] INFO  o.s.w.s.h.SimpleUrlHandlerMapping - Mapped URL path [/webjars/**] onto handler of type [class org.springframework.web.servlet.resource.ResourceHttpRequestHandler]
20:59:54.913 [restartedMain] INFO  o.s.w.s.h.SimpleUrlHandlerMapping - Mapped URL path [/**] onto handler of type [class org.springframework.web.servlet.resource.ResourceHttpRequestHandler]
20:59:54.941 [restartedMain] INFO  o.s.w.s.h.SimpleUrlHandlerMapping - Mapped URL path [/**/favicon.ico] onto handler of type [class org.springframework.web.servlet.resource.ResourceHttpRequestHandler]
20:59:55.097 [restartedMain] INFO  o.s.b.d.a.OptionalLiveReloadServer - LiveReload server is running on port 35729
20:59:55.188 [restartedMain] INFO  o.s.j.e.a.AnnotationMBeanExporter - Registering beans for JMX exposure on startup
20:59:55.197 [restartedMain] INFO  o.s.c.s.DefaultLifecycleProcessor - Starting beans in phase 0
20:59:55.236 [restartedMain] INFO  o.s.c.s.DefaultLifecycleProcessor - Starting beans in phase 2147483647
20:59:55.237 [restartedMain] INFO  s.d.s.w.p.DocumentationPluginsBootstrapper - Context refreshed
20:59:55.247 [restartedMain] INFO  s.d.s.w.p.DocumentationPluginsBootstrapper - Found 1 custom documentation plugin(s)
20:59:55.289 [restartedMain] INFO  s.d.s.w.s.ApiListingReferenceScanner - Scanning for api listing references
20:59:55.420 [restartedMain] INFO  o.s.b.c.e.t.TomcatEmbeddedServletContainer - Tomcat started on port(s): 2222 (http)
20:59:55.425 [restartedMain] INFO  pl.piomin.services.boot.Application - Started Application in 3.643 seconds (JVM running for 4.2)
20:59:55.612 [RMI TCP Connection(4)-127.0.0.1] INFO  org.mongodb.driver.connection - Opened connection [connectionId{localValue:2, serverValue:59}] to 127.0.0.1:27017
21:01:57.989 [http-nio-2222-exec-1] INFO  o.a.c.c.C.[Tomcat].[localhost].[/] - Initializing Spring FrameworkServlet 'dispatcherServlet'
21:01:57.990 [http-nio-2222-exec-1] INFO  o.s.web.servlet.DispatcherServlet - FrameworkServlet 'dispatcherServlet': initialization started
21:01:58.001 [http-nio-2222-exec-1] INFO  o.s.web.servlet.DispatcherServlet - FrameworkServlet 'dispatcherServlet': initialization completed in 11 ms
22:52:15.562 [Thread-16] INFO  o.s.b.c.e.AnnotationConfigEmbeddedWebApplicationContext - Closing org.springframework.boot.context.embedded.AnnotationConfigEmbeddedWebApplicationContext@23e8e9a7: startup date [Tue Oct 23 20:59:52 ART 2018]; root of context hierarchy
22:52:15.564 [Thread-16] INFO  o.s.c.s.DefaultLifecycleProcessor - Stopping beans in phase 2147483647
22:52:15.564 [Thread-16] INFO  o.s.c.s.DefaultLifecycleProcessor - Stopping beans in phase 0
22:52:15.565 [Thread-16] INFO  o.s.j.e.a.AnnotationMBeanExporter - Unregistering JMX-exposed beans on shutdown
22:52:15.567 [Thread-16] INFO  org.mongodb.driver.connection - Closed connection [connectionId{localValue:2, serverValue:59}] to 127.0.0.1:27017 because the pool has been closed.
